2025-07-02 00:02:18,988 DEBUG    → PAYU AUTH REQUEST
2025-07-02 00:02:18,988 DEBUG      URL:    'https://secure.snd.payu.com/pl/standard/user/oauth/authorize'
2025-07-02 00:02:18,988 DEBUG      HEADERS:{'Content-Type': 'application/x-www-form-urlencoded', 'Accept': 'application/json'}
2025-07-02 00:02:18,988 DEBUG      BODY:   {'grant_type': 'client_credentials'}
2025-07-02 00:02:18,988 DEBUG    ← PAYU AUTH RESPONSE
2025-07-02 00:02:18,988 DEBUG      STATUS: 200
2025-07-02 00:02:18,988 DEBUG      HEADERS:{'Content-Type': 'application/json'}
2025-07-02 00:02:18,988 DEBUG      TEXT:   {"access_token":"tok"}…
2025-07-02 00:02:18,992 DEBUG    → PAYU AUTH REQUEST
2025-07-02 00:02:18,992 DEBUG      URL:    'https://secure.snd.payu.com/pl/standard/user/oauth/authorize'
2025-07-02 00:02:18,992 DEBUG      HEADERS:{'Content-Type': 'application/x-www-form-urlencoded', 'Accept': 'application/json'}
2025-07-02 00:02:18,992 DEBUG      BODY:   {'grant_type': 'client_credentials'}
2025-07-02 00:02:18,992 DEBUG    ← PAYU AUTH RESPONSE
2025-07-02 00:02:18,992 DEBUG      STATUS: 200
2025-07-02 00:02:18,992 DEBUG      HEADERS:{'Content-Type': 'text/plain'}
2025-07-02 00:02:18,992 DEBUG      TEXT:   fail…
2025-07-02 00:02:18,994 DEBUG    → PAYU ORDER REQUEST
2025-07-02 00:02:18,994 DEBUG      URL:    'https://secure.snd.payu.com/api/v2_1/orders'
2025-07-02 00:02:18,994 DEBUG      HEADERS:{'Authorization': 'Bearer tok', 'Content-Type': 'application/json', 'Accept': 'application/json'}
2025-07-02 00:02:18,994 DEBUG      BODY:   {'notifyUrl': 'http://localhost:8000/payments/payu/notification', 'customerIp': '127.0.0.1', 'merchantPosId': '300746', 'description': 'Invoice #1', 'currencyCode': 'PLN', 'totalAmount': '9990', 'extOrderId': '1_1751407338', 'buyer': {'email': 'b@x', 'firstName': 'John', 'lastName': 'Doe'}, 'products': [{'name': 'Invoice #1', 'unitPrice': '9990', 'quantity': '1'}]}
2025-07-02 00:02:18,995 DEBUG    ← PAYU ORDER RESPONSE
2025-07-02 00:02:18,995 DEBUG      STATUS: 200
2025-07-02 00:02:18,995 DEBUG      HEADERS:{'Content-Type': 'application/json'}
2025-07-02 00:02:18,995 DEBUG      TEXT:   {"res":1}…
2025-07-02 00:02:18,997 DEBUG    → PAYU ORDER REQUEST
2025-07-02 00:02:18,997 DEBUG      URL:    'https://secure.snd.payu.com/api/v2_1/orders'
2025-07-02 00:02:18,997 DEBUG      HEADERS:{'Authorization': 'Bearer tok', 'Content-Type': 'application/json', 'Accept': 'application/json'}
2025-07-02 00:02:18,997 DEBUG      BODY:   {'notifyUrl': 'http://localhost:8000/payments/payu/notification', 'customerIp': '127.0.0.1', 'merchantPosId': '300746', 'description': 'Invoice #1', 'currencyCode': 'PLN', 'totalAmount': '9990', 'extOrderId': '1_1751407338', 'buyer': {'email': 'b@x', 'firstName': 'John', 'lastName': 'Doe'}, 'products': [{'name': 'Invoice #1', 'unitPrice': '9990', 'quantity': '1'}]}
2025-07-02 00:02:18,997 DEBUG    ← PAYU ORDER RESPONSE
2025-07-02 00:02:18,997 DEBUG      STATUS: 302
2025-07-02 00:02:18,997 DEBUG      HEADERS:{'Content-Type': 'application/json', 'Location': 'https://payu/redirect?orderId=123'}
2025-07-02 00:02:18,997 DEBUG      TEXT:   …
2025-07-02 00:02:18,997 INFO     PayU zwrócił URL do płatności: https://payu/redirect?orderId=123
2025-07-02 00:02:18,999 DEBUG    → PAYU ORDER REQUEST
2025-07-02 00:02:18,999 DEBUG      URL:    'https://secure.snd.payu.com/api/v2_1/orders'
2025-07-02 00:02:18,999 DEBUG      HEADERS:{'Authorization': 'Bearer tok', 'Content-Type': 'application/json', 'Accept': 'application/json'}
2025-07-02 00:02:18,999 DEBUG      BODY:   {'notifyUrl': 'http://localhost:8000/payments/payu/notification', 'customerIp': '127.0.0.1', 'merchantPosId': '300746', 'description': 'Invoice #1', 'currencyCode': 'PLN', 'totalAmount': '100', 'extOrderId': '1_1751407338', 'buyer': {'email': 'b@x', 'firstName': 'Jan', 'lastName': 'Nowak'}, 'products': [{'name': 'Invoice #1', 'unitPrice': '100', 'quantity': '1'}]}
2025-07-02 00:02:18,999 DEBUG    ← PAYU ORDER RESPONSE
2025-07-02 00:02:19,000 DEBUG      STATUS: 200
2025-07-02 00:02:19,000 DEBUG      HEADERS:{'Content-Type': 'text/plain'}
2025-07-02 00:02:19,000 DEBUG      TEXT:   fail…
2025-07-02 00:10:56,643 DEBUG    → PAYU AUTH REQUEST
2025-07-02 00:10:56,644 DEBUG      URL:    'https://secure.snd.payu.com/pl/standard/user/oauth/authorize'
2025-07-02 00:10:56,644 DEBUG      HEADERS:{'Content-Type': 'application/x-www-form-urlencoded', 'Accept': 'application/json'}
2025-07-02 00:10:56,644 DEBUG      BODY:   {'grant_type': 'client_credentials'}
2025-07-02 00:10:56,644 DEBUG    ← PAYU AUTH RESPONSE
2025-07-02 00:10:56,644 DEBUG      STATUS: 200
2025-07-02 00:10:56,645 DEBUG      HEADERS:{'Content-Type': 'application/json'}
2025-07-02 00:10:56,645 DEBUG      TEXT:   {"access_token":"tok"}…
2025-07-02 00:10:56,648 DEBUG    → PAYU AUTH REQUEST
2025-07-02 00:10:56,649 DEBUG      URL:    'https://secure.snd.payu.com/pl/standard/user/oauth/authorize'
2025-07-02 00:10:56,649 DEBUG      HEADERS:{'Content-Type': 'application/x-www-form-urlencoded', 'Accept': 'application/json'}
2025-07-02 00:10:56,649 DEBUG      BODY:   {'grant_type': 'client_credentials'}
2025-07-02 00:10:56,649 DEBUG    ← PAYU AUTH RESPONSE
2025-07-02 00:10:56,650 DEBUG      STATUS: 200
2025-07-02 00:10:56,650 DEBUG      HEADERS:{'Content-Type': 'text/plain'}
2025-07-02 00:10:56,650 DEBUG      TEXT:   fail…
2025-07-02 00:10:56,654 DEBUG    → PAYU ORDER REQUEST
2025-07-02 00:10:56,655 DEBUG      URL:    'https://secure.snd.payu.com/api/v2_1/orders'
2025-07-02 00:10:56,655 DEBUG      HEADERS:{'Authorization': 'Bearer tok', 'Content-Type': 'application/json', 'Accept': 'application/json'}
2025-07-02 00:10:56,655 DEBUG      BODY:   {'notifyUrl': 'http://localhost:8000/payments/payu/notification', 'customerIp': '127.0.0.1', 'merchantPosId': '300746', 'description': 'Invoice #1', 'currencyCode': 'PLN', 'totalAmount': '9990', 'extOrderId': '1_1751407856', 'buyer': {'email': 'b@x', 'firstName': 'John', 'lastName': 'Doe'}, 'products': [{'name': 'Invoice #1', 'unitPrice': '9990', 'quantity': '1'}]}
2025-07-02 00:10:56,655 DEBUG    ← PAYU ORDER RESPONSE
2025-07-02 00:10:56,655 DEBUG      STATUS: 200
2025-07-02 00:10:56,656 DEBUG      HEADERS:{'Content-Type': 'application/json'}
2025-07-02 00:10:56,656 DEBUG      TEXT:   {"res":1}…
2025-07-02 00:10:56,659 DEBUG    → PAYU ORDER REQUEST
2025-07-02 00:10:56,659 DEBUG      URL:    'https://secure.snd.payu.com/api/v2_1/orders'
2025-07-02 00:10:56,660 DEBUG      HEADERS:{'Authorization': 'Bearer tok', 'Content-Type': 'application/json', 'Accept': 'application/json'}
2025-07-02 00:10:56,660 DEBUG      BODY:   {'notifyUrl': 'http://localhost:8000/payments/payu/notification', 'customerIp': '127.0.0.1', 'merchantPosId': '300746', 'description': 'Invoice #1', 'currencyCode': 'PLN', 'totalAmount': '9990', 'extOrderId': '1_1751407856', 'buyer': {'email': 'b@x', 'firstName': 'John', 'lastName': 'Doe'}, 'products': [{'name': 'Invoice #1', 'unitPrice': '9990', 'quantity': '1'}]}
2025-07-02 00:10:56,660 DEBUG    ← PAYU ORDER RESPONSE
2025-07-02 00:10:56,660 DEBUG      STATUS: 302
2025-07-02 00:10:56,660 DEBUG      HEADERS:{'Content-Type': 'application/json', 'Location': 'https://payu/redirect?orderId=123'}
2025-07-02 00:10:56,660 DEBUG      TEXT:   …
2025-07-02 00:10:56,660 INFO     PayU zwrócił URL do płatności: https://payu/redirect?orderId=123
2025-07-02 00:10:56,664 DEBUG    → PAYU ORDER REQUEST
2025-07-02 00:10:56,664 DEBUG      URL:    'https://secure.snd.payu.com/api/v2_1/orders'
2025-07-02 00:10:56,664 DEBUG      HEADERS:{'Authorization': 'Bearer tok', 'Content-Type': 'application/json', 'Accept': 'application/json'}
2025-07-02 00:10:56,665 DEBUG      BODY:   {'notifyUrl': 'http://localhost:8000/payments/payu/notification', 'customerIp': '127.0.0.1', 'merchantPosId': '300746', 'description': 'Invoice #1', 'currencyCode': 'PLN', 'totalAmount': '100', 'extOrderId': '1_1751407856', 'buyer': {'email': 'b@x', 'firstName': 'Jan', 'lastName': 'Nowak'}, 'products': [{'name': 'Invoice #1', 'unitPrice': '100', 'quantity': '1'}]}
2025-07-02 00:10:56,665 DEBUG    ← PAYU ORDER RESPONSE
2025-07-02 00:10:56,665 DEBUG      STATUS: 200
2025-07-02 00:10:56,666 DEBUG      HEADERS:{'Content-Type': 'text/plain'}
2025-07-02 00:10:56,666 DEBUG      TEXT:   fail…
2025-07-02 00:23:22,848 DEBUG    → PAYU AUTH REQUEST
2025-07-02 00:23:22,848 DEBUG      URL:    'https://secure.snd.payu.com/pl/standard/user/oauth/authorize'
2025-07-02 00:23:22,848 DEBUG      HEADERS:{'Content-Type': 'application/x-www-form-urlencoded', 'Accept': 'application/json'}
2025-07-02 00:23:22,848 DEBUG      BODY:   {'grant_type': 'client_credentials'}
2025-07-02 00:23:22,849 DEBUG    ← PAYU AUTH RESPONSE
2025-07-02 00:23:22,849 DEBUG      STATUS: 200
2025-07-02 00:23:22,849 DEBUG      HEADERS:{'Content-Type': 'application/json'}
2025-07-02 00:23:22,849 DEBUG      TEXT:   {"access_token":"tok"}…
2025-07-02 00:23:22,854 DEBUG    → PAYU AUTH REQUEST
2025-07-02 00:23:22,854 DEBUG      URL:    'https://secure.snd.payu.com/pl/standard/user/oauth/authorize'
2025-07-02 00:23:22,854 DEBUG      HEADERS:{'Content-Type': 'application/x-www-form-urlencoded', 'Accept': 'application/json'}
2025-07-02 00:23:22,855 DEBUG      BODY:   {'grant_type': 'client_credentials'}
2025-07-02 00:23:22,855 DEBUG    ← PAYU AUTH RESPONSE
2025-07-02 00:23:22,855 DEBUG      STATUS: 200
2025-07-02 00:23:22,855 DEBUG      HEADERS:{'Content-Type': 'text/plain'}
2025-07-02 00:23:22,855 DEBUG      TEXT:   fail…
2025-07-02 00:23:22,859 DEBUG    → PAYU ORDER REQUEST
2025-07-02 00:23:22,859 DEBUG      URL:    'https://secure.snd.payu.com/api/v2_1/orders'
2025-07-02 00:23:22,859 DEBUG      HEADERS:{'Authorization': 'Bearer tok', 'Content-Type': 'application/json', 'Accept': 'application/json'}
2025-07-02 00:23:22,859 DEBUG      BODY:   {'notifyUrl': 'http://localhost:8000/payments/payu/notification', 'customerIp': '127.0.0.1', 'merchantPosId': '300746', 'description': 'Invoice #1', 'currencyCode': 'PLN', 'totalAmount': '9990', 'extOrderId': '1_1751408602', 'buyer': {'email': 'b@x', 'firstName': 'John', 'lastName': 'Doe'}, 'products': [{'name': 'Invoice #1', 'unitPrice': '9990', 'quantity': '1'}]}
2025-07-02 00:23:22,859 DEBUG    ← PAYU ORDER RESPONSE
2025-07-02 00:23:22,859 DEBUG      STATUS: 200
2025-07-02 00:23:22,859 DEBUG      HEADERS:{'Content-Type': 'application/json'}
2025-07-02 00:23:22,860 DEBUG      TEXT:   {"res":1}…
2025-07-02 00:23:22,863 DEBUG    → PAYU ORDER REQUEST
2025-07-02 00:23:22,863 DEBUG      URL:    'https://secure.snd.payu.com/api/v2_1/orders'
2025-07-02 00:23:22,864 DEBUG      HEADERS:{'Authorization': 'Bearer tok', 'Content-Type': 'application/json', 'Accept': 'application/json'}
2025-07-02 00:23:22,864 DEBUG      BODY:   {'notifyUrl': 'http://localhost:8000/payments/payu/notification', 'customerIp': '127.0.0.1', 'merchantPosId': '300746', 'description': 'Invoice #1', 'currencyCode': 'PLN', 'totalAmount': '9990', 'extOrderId': '1_1751408602', 'buyer': {'email': 'b@x', 'firstName': 'John', 'lastName': 'Doe'}, 'products': [{'name': 'Invoice #1', 'unitPrice': '9990', 'quantity': '1'}]}
2025-07-02 00:23:22,864 DEBUG    ← PAYU ORDER RESPONSE
2025-07-02 00:23:22,864 DEBUG      STATUS: 302
2025-07-02 00:23:22,864 DEBUG      HEADERS:{'Content-Type': 'application/json', 'Location': 'https://payu/redirect?orderId=123'}
2025-07-02 00:23:22,864 DEBUG      TEXT:   …
2025-07-02 00:23:22,865 INFO     PayU zwrócił URL do płatności: https://payu/redirect?orderId=123
2025-07-02 00:23:22,870 DEBUG    → PAYU ORDER REQUEST
2025-07-02 00:23:22,870 DEBUG      URL:    'https://secure.snd.payu.com/api/v2_1/orders'
2025-07-02 00:23:22,870 DEBUG      HEADERS:{'Authorization': 'Bearer tok', 'Content-Type': 'application/json', 'Accept': 'application/json'}
2025-07-02 00:23:22,871 DEBUG      BODY:   {'notifyUrl': 'http://localhost:8000/payments/payu/notification', 'customerIp': '127.0.0.1', 'merchantPosId': '300746', 'description': 'Invoice #1', 'currencyCode': 'PLN', 'totalAmount': '100', 'extOrderId': '1_1751408602', 'buyer': {'email': 'b@x', 'firstName': 'Jan', 'lastName': 'Nowak'}, 'products': [{'name': 'Invoice #1', 'unitPrice': '100', 'quantity': '1'}]}
2025-07-02 00:23:22,871 DEBUG    ← PAYU ORDER RESPONSE
2025-07-02 00:23:22,871 DEBUG      STATUS: 200
2025-07-02 00:23:22,871 DEBUG      HEADERS:{'Content-Type': 'text/plain'}
2025-07-02 00:23:22,871 DEBUG      TEXT:   fail…
2025-07-02 00:28:35,787 DEBUG    → PAYU AUTH REQUEST
2025-07-02 00:28:35,787 DEBUG      URL:    'https://secure.snd.payu.com/pl/standard/user/oauth/authorize'
2025-07-02 00:28:35,788 DEBUG      HEADERS:{'Content-Type': 'application/x-www-form-urlencoded', 'Accept': 'application/json'}
2025-07-02 00:28:35,788 DEBUG      BODY:   {'grant_type': 'client_credentials'}
2025-07-02 00:28:35,788 DEBUG    ← PAYU AUTH RESPONSE
2025-07-02 00:28:35,788 DEBUG      STATUS: 200
2025-07-02 00:28:35,788 DEBUG      HEADERS:{'Content-Type': 'application/json'}
2025-07-02 00:28:35,789 DEBUG      TEXT:   {"access_token":"tok"}…
2025-07-02 00:28:35,792 DEBUG    → PAYU AUTH REQUEST
2025-07-02 00:28:35,793 DEBUG      URL:    'https://secure.snd.payu.com/pl/standard/user/oauth/authorize'
2025-07-02 00:28:35,793 DEBUG      HEADERS:{'Content-Type': 'application/x-www-form-urlencoded', 'Accept': 'application/json'}
2025-07-02 00:28:35,793 DEBUG      BODY:   {'grant_type': 'client_credentials'}
2025-07-02 00:28:35,793 DEBUG    ← PAYU AUTH RESPONSE
2025-07-02 00:28:35,793 DEBUG      STATUS: 200
2025-07-02 00:28:35,793 DEBUG      HEADERS:{'Content-Type': 'text/plain'}
2025-07-02 00:28:35,794 DEBUG      TEXT:   fail…
2025-07-02 00:28:35,798 DEBUG    → PAYU ORDER REQUEST
2025-07-02 00:28:35,798 DEBUG      URL:    'https://secure.snd.payu.com/api/v2_1/orders'
2025-07-02 00:28:35,798 DEBUG      HEADERS:{'Authorization': 'Bearer tok', 'Content-Type': 'application/json', 'Accept': 'application/json'}
2025-07-02 00:28:35,798 DEBUG      BODY:   {'notifyUrl': 'http://localhost:8000/payments/payu/notification', 'customerIp': '127.0.0.1', 'merchantPosId': '300746', 'description': 'Invoice #1', 'currencyCode': 'PLN', 'totalAmount': '9990', 'extOrderId': '1_1751408915', 'buyer': {'email': 'b@x', 'firstName': 'John', 'lastName': 'Doe'}, 'products': [{'name': 'Invoice #1', 'unitPrice': '9990', 'quantity': '1'}]}
2025-07-02 00:28:35,798 DEBUG    ← PAYU ORDER RESPONSE
2025-07-02 00:28:35,798 DEBUG      STATUS: 200
2025-07-02 00:28:35,799 DEBUG      HEADERS:{'Content-Type': 'application/json'}
2025-07-02 00:28:35,799 DEBUG      TEXT:   {"res":1}…
2025-07-02 00:28:35,803 DEBUG    → PAYU ORDER REQUEST
2025-07-02 00:28:35,804 DEBUG      URL:    'https://secure.snd.payu.com/api/v2_1/orders'
2025-07-02 00:28:35,804 DEBUG      HEADERS:{'Authorization': 'Bearer tok', 'Content-Type': 'application/json', 'Accept': 'application/json'}
2025-07-02 00:28:35,804 DEBUG      BODY:   {'notifyUrl': 'http://localhost:8000/payments/payu/notification', 'customerIp': '127.0.0.1', 'merchantPosId': '300746', 'description': 'Invoice #1', 'currencyCode': 'PLN', 'totalAmount': '9990', 'extOrderId': '1_1751408915', 'buyer': {'email': 'b@x', 'firstName': 'John', 'lastName': 'Doe'}, 'products': [{'name': 'Invoice #1', 'unitPrice': '9990', 'quantity': '1'}]}
2025-07-02 00:28:35,805 DEBUG    ← PAYU ORDER RESPONSE
2025-07-02 00:28:35,805 DEBUG      STATUS: 302
2025-07-02 00:28:35,805 DEBUG      HEADERS:{'Content-Type': 'application/json', 'Location': 'https://payu/redirect?orderId=123'}
2025-07-02 00:28:35,805 DEBUG      TEXT:   …
2025-07-02 00:28:35,805 INFO     PayU zwrócił URL do płatności: https://payu/redirect?orderId=123
2025-07-02 00:28:35,809 DEBUG    → PAYU ORDER REQUEST
2025-07-02 00:28:35,809 DEBUG      URL:    'https://secure.snd.payu.com/api/v2_1/orders'
2025-07-02 00:28:35,810 DEBUG      HEADERS:{'Authorization': 'Bearer tok', 'Content-Type': 'application/json', 'Accept': 'application/json'}
2025-07-02 00:28:35,810 DEBUG      BODY:   {'notifyUrl': 'http://localhost:8000/payments/payu/notification', 'customerIp': '127.0.0.1', 'merchantPosId': '300746', 'description': 'Invoice #1', 'currencyCode': 'PLN', 'totalAmount': '100', 'extOrderId': '1_1751408915', 'buyer': {'email': 'b@x', 'firstName': 'Jan', 'lastName': 'Nowak'}, 'products': [{'name': 'Invoice #1', 'unitPrice': '100', 'quantity': '1'}]}
2025-07-02 00:28:35,810 DEBUG    ← PAYU ORDER RESPONSE
2025-07-02 00:28:35,810 DEBUG      STATUS: 200
2025-07-02 00:28:35,810 DEBUG      HEADERS:{'Content-Type': 'text/plain'}
2025-07-02 00:28:35,810 DEBUG      TEXT:   fail…
2025-07-02 10:02:38,932 DEBUG    → PAYU AUTH REQUEST
2025-07-02 10:02:38,932 DEBUG      URL:    'https://secure.snd.payu.com/pl/standard/user/oauth/authorize'
2025-07-02 10:02:38,932 DEBUG      HEADERS:{'Content-Type': 'application/x-www-form-urlencoded', 'Accept': 'application/json'}
2025-07-02 10:02:38,933 DEBUG      BODY:   {'grant_type': 'client_credentials'}
2025-07-02 10:02:38,933 DEBUG    ← PAYU AUTH RESPONSE
2025-07-02 10:02:38,933 DEBUG      STATUS: 200
2025-07-02 10:02:38,933 DEBUG      HEADERS:{'Content-Type': 'application/json'}
2025-07-02 10:02:38,933 DEBUG      TEXT:   {"access_token":"tok"}…
2025-07-02 10:02:38,937 DEBUG    → PAYU AUTH REQUEST
2025-07-02 10:02:38,937 DEBUG      URL:    'https://secure.snd.payu.com/pl/standard/user/oauth/authorize'
2025-07-02 10:02:38,938 DEBUG      HEADERS:{'Content-Type': 'application/x-www-form-urlencoded', 'Accept': 'application/json'}
2025-07-02 10:02:38,938 DEBUG      BODY:   {'grant_type': 'client_credentials'}
2025-07-02 10:02:38,938 DEBUG    ← PAYU AUTH RESPONSE
2025-07-02 10:02:38,938 DEBUG      STATUS: 200
2025-07-02 10:02:38,938 DEBUG      HEADERS:{'Content-Type': 'text/plain'}
2025-07-02 10:02:38,938 DEBUG      TEXT:   fail…
2025-07-02 10:02:38,942 DEBUG    → PAYU ORDER REQUEST
2025-07-02 10:02:38,942 DEBUG      URL:    'https://secure.snd.payu.com/api/v2_1/orders'
2025-07-02 10:02:38,942 DEBUG      HEADERS:{'Authorization': 'Bearer tok', 'Content-Type': 'application/json', 'Accept': 'application/json'}
2025-07-02 10:02:38,942 DEBUG      BODY:   {'notifyUrl': 'http://localhost:8000/payments/payu/notification', 'customerIp': '127.0.0.1', 'merchantPosId': '300746', 'description': 'Invoice #1', 'currencyCode': 'PLN', 'totalAmount': '9990', 'extOrderId': '1_1751443358', 'buyer': {'email': 'b@x', 'firstName': 'John', 'lastName': 'Doe'}, 'products': [{'name': 'Invoice #1', 'unitPrice': '9990', 'quantity': '1'}]}
2025-07-02 10:02:38,943 DEBUG    ← PAYU ORDER RESPONSE
2025-07-02 10:02:38,943 DEBUG      STATUS: 200
2025-07-02 10:02:38,943 DEBUG      HEADERS:{'Content-Type': 'application/json'}
2025-07-02 10:02:38,943 DEBUG      TEXT:   {"res":1}…
2025-07-02 10:02:38,947 DEBUG    → PAYU ORDER REQUEST
2025-07-02 10:02:38,948 DEBUG      URL:    'https://secure.snd.payu.com/api/v2_1/orders'
2025-07-02 10:02:38,948 DEBUG      HEADERS:{'Authorization': 'Bearer tok', 'Content-Type': 'application/json', 'Accept': 'application/json'}
2025-07-02 10:02:38,948 DEBUG      BODY:   {'notifyUrl': 'http://localhost:8000/payments/payu/notification', 'customerIp': '127.0.0.1', 'merchantPosId': '300746', 'description': 'Invoice #1', 'currencyCode': 'PLN', 'totalAmount': '9990', 'extOrderId': '1_1751443358', 'buyer': {'email': 'b@x', 'firstName': 'John', 'lastName': 'Doe'}, 'products': [{'name': 'Invoice #1', 'unitPrice': '9990', 'quantity': '1'}]}
2025-07-02 10:02:38,949 DEBUG    ← PAYU ORDER RESPONSE
2025-07-02 10:02:38,949 DEBUG      STATUS: 302
2025-07-02 10:02:38,949 DEBUG      HEADERS:{'Content-Type': 'application/json', 'Location': 'https://payu/redirect?orderId=123'}
2025-07-02 10:02:38,949 DEBUG      TEXT:   …
2025-07-02 10:02:38,949 INFO     PayU zwrócił URL do płatności: https://payu/redirect?orderId=123
2025-07-02 10:02:38,954 DEBUG    → PAYU ORDER REQUEST
2025-07-02 10:02:38,954 DEBUG      URL:    'https://secure.snd.payu.com/api/v2_1/orders'
2025-07-02 10:02:38,955 DEBUG      HEADERS:{'Authorization': 'Bearer tok', 'Content-Type': 'application/json', 'Accept': 'application/json'}
2025-07-02 10:02:38,955 DEBUG      BODY:   {'notifyUrl': 'http://localhost:8000/payments/payu/notification', 'customerIp': '127.0.0.1', 'merchantPosId': '300746', 'description': 'Invoice #1', 'currencyCode': 'PLN', 'totalAmount': '100', 'extOrderId': '1_1751443358', 'buyer': {'email': 'b@x', 'firstName': 'Jan', 'lastName': 'Nowak'}, 'products': [{'name': 'Invoice #1', 'unitPrice': '100', 'quantity': '1'}]}
2025-07-02 10:02:38,957 DEBUG    ← PAYU ORDER RESPONSE
2025-07-02 10:02:38,957 DEBUG      STATUS: 200
2025-07-02 10:02:38,957 DEBUG      HEADERS:{'Content-Type': 'text/plain'}
2025-07-02 10:02:38,957 DEBUG      TEXT:   fail…
2025-07-04 05:54:37,411 DEBUG    → PAYU AUTH REQUEST
2025-07-04 05:54:37,412 DEBUG      URL:    'https://secure.snd.payu.com/pl/standard/user/oauth/authorize'
2025-07-04 05:54:37,413 DEBUG      HEADERS:{'Content-Type': 'application/x-www-form-urlencoded', 'Accept': 'application/json'}
2025-07-04 05:54:37,413 DEBUG      BODY:   {'grant_type': 'client_credentials'}
2025-07-04 05:54:37,413 DEBUG    ← PAYU AUTH RESPONSE
2025-07-04 05:54:37,413 DEBUG      STATUS: 200
2025-07-04 05:54:37,413 DEBUG      HEADERS:{'Content-Type': 'application/json'}
2025-07-04 05:54:37,413 DEBUG      TEXT:   {"access_token":"tok"}…
2025-07-04 05:54:37,416 DEBUG    → PAYU AUTH REQUEST
2025-07-04 05:54:37,416 DEBUG      URL:    'https://secure.snd.payu.com/pl/standard/user/oauth/authorize'
2025-07-04 05:54:37,417 DEBUG      HEADERS:{'Content-Type': 'application/x-www-form-urlencoded', 'Accept': 'application/json'}
2025-07-04 05:54:37,417 DEBUG      BODY:   {'grant_type': 'client_credentials'}
2025-07-04 05:54:37,417 DEBUG    ← PAYU AUTH RESPONSE
2025-07-04 05:54:37,417 DEBUG      STATUS: 200
2025-07-04 05:54:37,417 DEBUG      HEADERS:{'Content-Type': 'text/plain'}
2025-07-04 05:54:37,417 DEBUG      TEXT:   fail…
2025-07-04 05:54:37,422 DEBUG    → PAYU ORDER REQUEST
2025-07-04 05:54:37,422 DEBUG      URL:    'https://secure.snd.payu.com/api/v2_1/orders'
2025-07-04 05:54:37,422 DEBUG      HEADERS:{'Authorization': 'Bearer tok', 'Content-Type': 'application/json', 'Accept': 'application/json'}
2025-07-04 05:54:37,422 DEBUG      BODY:   {'notifyUrl': 'http://localhost:8000/payments/payu/notification', 'customerIp': '127.0.0.1', 'merchantPosId': '300746', 'description': 'Invoice #1', 'currencyCode': 'PLN', 'totalAmount': '9990', 'extOrderId': '1_1751601277', 'buyer': {'email': 'b@x', 'firstName': 'John', 'lastName': 'Doe'}, 'products': [{'name': 'Invoice #1', 'unitPrice': '9990', 'quantity': '1'}]}
2025-07-04 05:54:37,422 DEBUG    ← PAYU ORDER RESPONSE
2025-07-04 05:54:37,422 DEBUG      STATUS: 200
2025-07-04 05:54:37,422 DEBUG      HEADERS:{'Content-Type': 'application/json'}
2025-07-04 05:54:37,422 DEBUG      TEXT:   {"res":1}…
2025-07-04 05:54:37,425 DEBUG    → PAYU ORDER REQUEST
2025-07-04 05:54:37,425 DEBUG      URL:    'https://secure.snd.payu.com/api/v2_1/orders'
2025-07-04 05:54:37,427 DEBUG      HEADERS:{'Authorization': 'Bearer tok', 'Content-Type': 'application/json', 'Accept': 'application/json'}
2025-07-04 05:54:37,427 DEBUG      BODY:   {'notifyUrl': 'http://localhost:8000/payments/payu/notification', 'customerIp': '127.0.0.1', 'merchantPosId': '300746', 'description': 'Invoice #1', 'currencyCode': 'PLN', 'totalAmount': '9990', 'extOrderId': '1_1751601277', 'buyer': {'email': 'b@x', 'firstName': 'John', 'lastName': 'Doe'}, 'products': [{'name': 'Invoice #1', 'unitPrice': '9990', 'quantity': '1'}]}
2025-07-04 05:54:37,427 DEBUG    ← PAYU ORDER RESPONSE
2025-07-04 05:54:37,427 DEBUG      STATUS: 302
2025-07-04 05:54:37,427 DEBUG      HEADERS:{'Content-Type': 'application/json', 'Location': 'https://payu/redirect?orderId=123'}
2025-07-04 05:54:37,427 DEBUG      TEXT:   …
2025-07-04 05:54:37,427 INFO     PayU zwrócił URL do płatności: https://payu/redirect?orderId=123
2025-07-04 05:54:37,431 DEBUG    → PAYU ORDER REQUEST
2025-07-04 05:54:37,431 DEBUG      URL:    'https://secure.snd.payu.com/api/v2_1/orders'
2025-07-04 05:54:37,431 DEBUG      HEADERS:{'Authorization': 'Bearer tok', 'Content-Type': 'application/json', 'Accept': 'application/json'}
2025-07-04 05:54:37,431 DEBUG      BODY:   {'notifyUrl': 'http://localhost:8000/payments/payu/notification', 'customerIp': '127.0.0.1', 'merchantPosId': '300746', 'description': 'Invoice #1', 'currencyCode': 'PLN', 'totalAmount': '100', 'extOrderId': '1_1751601277', 'buyer': {'email': 'b@x', 'firstName': 'Jan', 'lastName': 'Nowak'}, 'products': [{'name': 'Invoice #1', 'unitPrice': '100', 'quantity': '1'}]}
2025-07-04 05:54:37,432 DEBUG    ← PAYU ORDER RESPONSE
2025-07-04 05:54:37,432 DEBUG      STATUS: 200
2025-07-04 05:54:37,432 DEBUG      HEADERS:{'Content-Type': 'text/plain'}
2025-07-04 05:54:37,432 DEBUG      TEXT:   fail…
2025-07-04 05:57:35,601 DEBUG    → PAYU AUTH REQUEST
2025-07-04 05:57:35,602 DEBUG      URL:    'https://secure.snd.payu.com/pl/standard/user/oauth/authorize'
2025-07-04 05:57:35,603 DEBUG      HEADERS:{'Content-Type': 'application/x-www-form-urlencoded', 'Accept': 'application/json'}
2025-07-04 05:57:35,603 DEBUG      BODY:   {'grant_type': 'client_credentials'}
2025-07-04 05:57:35,603 DEBUG    ← PAYU AUTH RESPONSE
2025-07-04 05:57:35,603 DEBUG      STATUS: 200
2025-07-04 05:57:35,603 DEBUG      HEADERS:{'Content-Type': 'application/json'}
2025-07-04 05:57:35,603 DEBUG      TEXT:   {"access_token":"tok"}…
2025-07-04 05:57:35,607 DEBUG    → PAYU AUTH REQUEST
2025-07-04 05:57:35,608 DEBUG      URL:    'https://secure.snd.payu.com/pl/standard/user/oauth/authorize'
2025-07-04 05:57:35,608 DEBUG      HEADERS:{'Content-Type': 'application/x-www-form-urlencoded', 'Accept': 'application/json'}
2025-07-04 05:57:35,608 DEBUG      BODY:   {'grant_type': 'client_credentials'}
2025-07-04 05:57:35,608 DEBUG    ← PAYU AUTH RESPONSE
2025-07-04 05:57:35,608 DEBUG      STATUS: 200
2025-07-04 05:57:35,609 DEBUG      HEADERS:{'Content-Type': 'text/plain'}
2025-07-04 05:57:35,609 DEBUG      TEXT:   fail…
2025-07-04 05:57:35,614 DEBUG    → PAYU ORDER REQUEST
2025-07-04 05:57:35,616 DEBUG      URL:    'https://secure.snd.payu.com/api/v2_1/orders'
2025-07-04 05:57:35,616 DEBUG      HEADERS:{'Authorization': 'Bearer tok', 'Content-Type': 'application/json', 'Accept': 'application/json'}
2025-07-04 05:57:35,616 DEBUG      BODY:   {'notifyUrl': 'http://localhost:8000/payments/payu/notification', 'customerIp': '127.0.0.1', 'merchantPosId': '300746', 'description': 'Invoice #1', 'currencyCode': 'PLN', 'totalAmount': '9990', 'extOrderId': '1_1751601455', 'buyer': {'email': 'b@x', 'firstName': 'John', 'lastName': 'Doe'}, 'products': [{'name': 'Invoice #1', 'unitPrice': '9990', 'quantity': '1'}]}
2025-07-04 05:57:35,617 DEBUG    ← PAYU ORDER RESPONSE
2025-07-04 05:57:35,617 DEBUG      STATUS: 200
2025-07-04 05:57:35,617 DEBUG      HEADERS:{'Content-Type': 'application/json'}
2025-07-04 05:57:35,617 DEBUG      TEXT:   {"res":1}…
2025-07-04 05:57:35,621 DEBUG    → PAYU ORDER REQUEST
2025-07-04 05:57:35,622 DEBUG      URL:    'https://secure.snd.payu.com/api/v2_1/orders'
2025-07-04 05:57:35,622 DEBUG      HEADERS:{'Authorization': 'Bearer tok', 'Content-Type': 'application/json', 'Accept': 'application/json'}
2025-07-04 05:57:35,622 DEBUG      BODY:   {'notifyUrl': 'http://localhost:8000/payments/payu/notification', 'customerIp': '127.0.0.1', 'merchantPosId': '300746', 'description': 'Invoice #1', 'currencyCode': 'PLN', 'totalAmount': '9990', 'extOrderId': '1_1751601455', 'buyer': {'email': 'b@x', 'firstName': 'John', 'lastName': 'Doe'}, 'products': [{'name': 'Invoice #1', 'unitPrice': '9990', 'quantity': '1'}]}
2025-07-04 05:57:35,622 DEBUG    ← PAYU ORDER RESPONSE
2025-07-04 05:57:35,622 DEBUG      STATUS: 302
2025-07-04 05:57:35,622 DEBUG      HEADERS:{'Content-Type': 'application/json', 'Location': 'https://payu/redirect?orderId=123'}
2025-07-04 05:57:35,623 DEBUG      TEXT:   …
2025-07-04 05:57:35,623 INFO     PayU zwrócił URL do płatności: https://payu/redirect?orderId=123
2025-07-04 05:57:35,627 DEBUG    → PAYU ORDER REQUEST
2025-07-04 05:57:35,627 DEBUG      URL:    'https://secure.snd.payu.com/api/v2_1/orders'
2025-07-04 05:57:35,627 DEBUG      HEADERS:{'Authorization': 'Bearer tok', 'Content-Type': 'application/json', 'Accept': 'application/json'}
2025-07-04 05:57:35,627 DEBUG      BODY:   {'notifyUrl': 'http://localhost:8000/payments/payu/notification', 'customerIp': '127.0.0.1', 'merchantPosId': '300746', 'description': 'Invoice #1', 'currencyCode': 'PLN', 'totalAmount': '100', 'extOrderId': '1_1751601455', 'buyer': {'email': 'b@x', 'firstName': 'Jan', 'lastName': 'Nowak'}, 'products': [{'name': 'Invoice #1', 'unitPrice': '100', 'quantity': '1'}]}
2025-07-04 05:57:35,628 DEBUG    ← PAYU ORDER RESPONSE
2025-07-04 05:57:35,628 DEBUG      STATUS: 200
2025-07-04 05:57:35,628 DEBUG      HEADERS:{'Content-Type': 'text/plain'}
2025-07-04 05:57:35,628 DEBUG      TEXT:   fail…
2025-07-04 05:59:24,343 DEBUG    → PAYU AUTH REQUEST
2025-07-04 05:59:24,343 DEBUG      URL:    'https://secure.snd.payu.com/pl/standard/user/oauth/authorize'
2025-07-04 05:59:24,343 DEBUG      HEADERS:{'Content-Type': 'application/x-www-form-urlencoded', 'Accept': 'application/json'}
2025-07-04 05:59:24,343 DEBUG      BODY:   {'grant_type': 'client_credentials'}
2025-07-04 05:59:24,343 DEBUG    ← PAYU AUTH RESPONSE
2025-07-04 05:59:24,344 DEBUG      STATUS: 200
2025-07-04 05:59:24,344 DEBUG      HEADERS:{'Content-Type': 'application/json'}
2025-07-04 05:59:24,344 DEBUG      TEXT:   {"access_token":"tok"}…
2025-07-04 05:59:24,349 DEBUG    → PAYU AUTH REQUEST
2025-07-04 05:59:24,349 DEBUG      URL:    'https://secure.snd.payu.com/pl/standard/user/oauth/authorize'
2025-07-04 05:59:24,349 DEBUG      HEADERS:{'Content-Type': 'application/x-www-form-urlencoded', 'Accept': 'application/json'}
2025-07-04 05:59:24,349 DEBUG      BODY:   {'grant_type': 'client_credentials'}
2025-07-04 05:59:24,350 DEBUG    ← PAYU AUTH RESPONSE
2025-07-04 05:59:24,350 DEBUG      STATUS: 200
2025-07-04 05:59:24,350 DEBUG      HEADERS:{'Content-Type': 'text/plain'}
2025-07-04 05:59:24,351 DEBUG      TEXT:   fail…
2025-07-04 05:59:24,355 DEBUG    → PAYU ORDER REQUEST
2025-07-04 05:59:24,355 DEBUG      URL:    'https://secure.snd.payu.com/api/v2_1/orders'
2025-07-04 05:59:24,355 DEBUG      HEADERS:{'Authorization': 'Bearer tok', 'Content-Type': 'application/json', 'Accept': 'application/json'}
2025-07-04 05:59:24,355 DEBUG      BODY:   {'notifyUrl': 'http://localhost:8000/payments/payu/notification', 'customerIp': '127.0.0.1', 'merchantPosId': '300746', 'description': 'Invoice #1', 'currencyCode': 'PLN', 'totalAmount': '9990', 'extOrderId': '1_1751601564', 'buyer': {'email': 'b@x', 'firstName': 'John', 'lastName': 'Doe'}, 'products': [{'name': 'Invoice #1', 'unitPrice': '9990', 'quantity': '1'}]}
2025-07-04 05:59:24,355 DEBUG    ← PAYU ORDER RESPONSE
2025-07-04 05:59:24,355 DEBUG      STATUS: 200
2025-07-04 05:59:24,356 DEBUG      HEADERS:{'Content-Type': 'application/json'}
2025-07-04 05:59:24,356 DEBUG      TEXT:   {"res":1}…
2025-07-04 05:59:24,359 DEBUG    → PAYU ORDER REQUEST
2025-07-04 05:59:24,359 DEBUG      URL:    'https://secure.snd.payu.com/api/v2_1/orders'
2025-07-04 05:59:24,359 DEBUG      HEADERS:{'Authorization': 'Bearer tok', 'Content-Type': 'application/json', 'Accept': 'application/json'}
2025-07-04 05:59:24,360 DEBUG      BODY:   {'notifyUrl': 'http://localhost:8000/payments/payu/notification', 'customerIp': '127.0.0.1', 'merchantPosId': '300746', 'description': 'Invoice #1', 'currencyCode': 'PLN', 'totalAmount': '9990', 'extOrderId': '1_1751601564', 'buyer': {'email': 'b@x', 'firstName': 'John', 'lastName': 'Doe'}, 'products': [{'name': 'Invoice #1', 'unitPrice': '9990', 'quantity': '1'}]}
2025-07-04 05:59:24,360 DEBUG    ← PAYU ORDER RESPONSE
2025-07-04 05:59:24,360 DEBUG      STATUS: 302
2025-07-04 05:59:24,360 DEBUG      HEADERS:{'Content-Type': 'application/json', 'Location': 'https://payu/redirect?orderId=123'}
2025-07-04 05:59:24,360 DEBUG      TEXT:   …
2025-07-04 05:59:24,360 INFO     PayU zwrócił URL do płatności: https://payu/redirect?orderId=123
2025-07-04 05:59:24,365 DEBUG    → PAYU ORDER REQUEST
2025-07-04 05:59:24,365 DEBUG      URL:    'https://secure.snd.payu.com/api/v2_1/orders'
2025-07-04 05:59:24,366 DEBUG      HEADERS:{'Authorization': 'Bearer tok', 'Content-Type': 'application/json', 'Accept': 'application/json'}
2025-07-04 05:59:24,366 DEBUG      BODY:   {'notifyUrl': 'http://localhost:8000/payments/payu/notification', 'customerIp': '127.0.0.1', 'merchantPosId': '300746', 'description': 'Invoice #1', 'currencyCode': 'PLN', 'totalAmount': '100', 'extOrderId': '1_1751601564', 'buyer': {'email': 'b@x', 'firstName': 'Jan', 'lastName': 'Nowak'}, 'products': [{'name': 'Invoice #1', 'unitPrice': '100', 'quantity': '1'}]}
2025-07-04 05:59:24,366 DEBUG    ← PAYU ORDER RESPONSE
2025-07-04 05:59:24,366 DEBUG      STATUS: 200
2025-07-04 05:59:24,366 DEBUG      HEADERS:{'Content-Type': 'text/plain'}
2025-07-04 05:59:24,366 DEBUG      TEXT:   fail…
2025-07-04 07:20:41,813 DEBUG    → PAYU AUTH REQUEST
2025-07-04 07:20:41,813 DEBUG      URL:    'https://secure.snd.payu.com/pl/standard/user/oauth/authorize'
2025-07-04 07:20:41,814 DEBUG      HEADERS:{'Content-Type': 'application/x-www-form-urlencoded', 'Accept': 'application/json'}
2025-07-04 07:20:41,814 DEBUG      BODY:   {'grant_type': 'client_credentials'}
2025-07-04 07:20:41,814 DEBUG    ← PAYU AUTH RESPONSE
2025-07-04 07:20:41,814 DEBUG      STATUS: 200
2025-07-04 07:20:41,814 DEBUG      HEADERS:{'Content-Type': 'application/json'}
2025-07-04 07:20:41,814 DEBUG      TEXT:   {"access_token":"tok"}…
2025-07-04 07:20:41,818 DEBUG    → PAYU AUTH REQUEST
2025-07-04 07:20:41,819 DEBUG      URL:    'https://secure.snd.payu.com/pl/standard/user/oauth/authorize'
2025-07-04 07:20:41,819 DEBUG      HEADERS:{'Content-Type': 'application/x-www-form-urlencoded', 'Accept': 'application/json'}
2025-07-04 07:20:41,819 DEBUG      BODY:   {'grant_type': 'client_credentials'}
2025-07-04 07:20:41,819 DEBUG    ← PAYU AUTH RESPONSE
2025-07-04 07:20:41,819 DEBUG      STATUS: 200
2025-07-04 07:20:41,820 DEBUG      HEADERS:{'Content-Type': 'text/plain'}
2025-07-04 07:20:41,820 DEBUG      TEXT:   fail…
2025-07-04 07:20:41,824 DEBUG    → PAYU ORDER REQUEST
2025-07-04 07:20:41,824 DEBUG      URL:    'https://secure.snd.payu.com/api/v2_1/orders'
2025-07-04 07:20:41,824 DEBUG      HEADERS:{'Authorization': 'Bearer tok', 'Content-Type': 'application/json', 'Accept': 'application/json'}
2025-07-04 07:20:41,824 DEBUG      BODY:   {'notifyUrl': 'http://localhost:8000/payments/payu/notification', 'customerIp': '127.0.0.1', 'merchantPosId': '300746', 'description': 'Invoice #1', 'currencyCode': 'PLN', 'totalAmount': '9990', 'extOrderId': '1_1751606441', 'buyer': {'email': 'b@x', 'firstName': 'John', 'lastName': 'Doe'}, 'products': [{'name': 'Invoice #1', 'unitPrice': '9990', 'quantity': '1'}]}
2025-07-04 07:20:41,825 DEBUG    ← PAYU ORDER RESPONSE
2025-07-04 07:20:41,825 DEBUG      STATUS: 200
2025-07-04 07:20:41,825 DEBUG      HEADERS:{'Content-Type': 'application/json'}
2025-07-04 07:20:41,825 DEBUG      TEXT:   {"res":1}…
2025-07-04 07:20:41,830 DEBUG    → PAYU ORDER REQUEST
2025-07-04 07:20:41,830 DEBUG      URL:    'https://secure.snd.payu.com/api/v2_1/orders'
2025-07-04 07:20:41,830 DEBUG      HEADERS:{'Authorization': 'Bearer tok', 'Content-Type': 'application/json', 'Accept': 'application/json'}
2025-07-04 07:20:41,831 DEBUG      BODY:   {'notifyUrl': 'http://localhost:8000/payments/payu/notification', 'customerIp': '127.0.0.1', 'merchantPosId': '300746', 'description': 'Invoice #1', 'currencyCode': 'PLN', 'totalAmount': '9990', 'extOrderId': '1_1751606441', 'buyer': {'email': 'b@x', 'firstName': 'John', 'lastName': 'Doe'}, 'products': [{'name': 'Invoice #1', 'unitPrice': '9990', 'quantity': '1'}]}
2025-07-04 07:20:41,831 DEBUG    ← PAYU ORDER RESPONSE
2025-07-04 07:20:41,831 DEBUG      STATUS: 302
2025-07-04 07:20:41,831 DEBUG      HEADERS:{'Content-Type': 'application/json', 'Location': 'https://payu/redirect?orderId=123'}
2025-07-04 07:20:41,831 DEBUG      TEXT:   …
2025-07-04 07:20:41,832 INFO     PayU zwrócił URL do płatności: https://payu/redirect?orderId=123
2025-07-04 07:20:41,837 DEBUG    → PAYU ORDER REQUEST
2025-07-04 07:20:41,837 DEBUG      URL:    'https://secure.snd.payu.com/api/v2_1/orders'
2025-07-04 07:20:41,837 DEBUG      HEADERS:{'Authorization': 'Bearer tok', 'Content-Type': 'application/json', 'Accept': 'application/json'}
2025-07-04 07:20:41,837 DEBUG      BODY:   {'notifyUrl': 'http://localhost:8000/payments/payu/notification', 'customerIp': '127.0.0.1', 'merchantPosId': '300746', 'description': 'Invoice #1', 'currencyCode': 'PLN', 'totalAmount': '100', 'extOrderId': '1_1751606441', 'buyer': {'email': 'b@x', 'firstName': 'Jan', 'lastName': 'Nowak'}, 'products': [{'name': 'Invoice #1', 'unitPrice': '100', 'quantity': '1'}]}
2025-07-04 07:20:41,837 DEBUG    ← PAYU ORDER RESPONSE
2025-07-04 07:20:41,837 DEBUG      STATUS: 200
2025-07-04 07:20:41,838 DEBUG      HEADERS:{'Content-Type': 'text/plain'}
2025-07-04 07:20:41,838 DEBUG      TEXT:   fail…
2025-07-04 07:43:36,267 DEBUG    → PAYU AUTH REQUEST
2025-07-04 07:43:36,267 DEBUG      URL:    'https://secure.snd.payu.com/pl/standard/user/oauth/authorize'
2025-07-04 07:43:36,268 DEBUG      HEADERS:{'Content-Type': 'application/x-www-form-urlencoded', 'Accept': 'application/json'}
2025-07-04 07:43:36,268 DEBUG      BODY:   {'grant_type': 'client_credentials'}
2025-07-04 07:43:36,268 DEBUG    ← PAYU AUTH RESPONSE
2025-07-04 07:43:36,268 DEBUG      STATUS: 200
2025-07-04 07:43:36,268 DEBUG      HEADERS:{'Content-Type': 'application/json'}
2025-07-04 07:43:36,268 DEBUG      TEXT:   {"access_token":"tok"}…
2025-07-04 07:43:36,272 DEBUG    → PAYU AUTH REQUEST
2025-07-04 07:43:36,273 DEBUG      URL:    'https://secure.snd.payu.com/pl/standard/user/oauth/authorize'
2025-07-04 07:43:36,273 DEBUG      HEADERS:{'Content-Type': 'application/x-www-form-urlencoded', 'Accept': 'application/json'}
2025-07-04 07:43:36,273 DEBUG      BODY:   {'grant_type': 'client_credentials'}
2025-07-04 07:43:36,273 DEBUG    ← PAYU AUTH RESPONSE
2025-07-04 07:43:36,273 DEBUG      STATUS: 200
2025-07-04 07:43:36,273 DEBUG      HEADERS:{'Content-Type': 'text/plain'}
2025-07-04 07:43:36,274 DEBUG      TEXT:   fail…
2025-07-04 07:43:36,278 DEBUG    → PAYU ORDER REQUEST
2025-07-04 07:43:36,278 DEBUG      URL:    'https://secure.snd.payu.com/api/v2_1/orders'
2025-07-04 07:43:36,278 DEBUG      HEADERS:{'Authorization': 'Bearer tok', 'Content-Type': 'application/json', 'Accept': 'application/json'}
2025-07-04 07:43:36,278 DEBUG      BODY:   {'notifyUrl': 'http://localhost:8000/payments/payu/notification', 'customerIp': '127.0.0.1', 'merchantPosId': '300746', 'description': 'Invoice #1', 'currencyCode': 'PLN', 'totalAmount': '9990', 'extOrderId': '1_1751607816', 'buyer': {'email': 'b@x', 'firstName': 'John', 'lastName': 'Doe'}, 'products': [{'name': 'Invoice #1', 'unitPrice': '9990', 'quantity': '1'}]}
2025-07-04 07:43:36,279 DEBUG    ← PAYU ORDER RESPONSE
2025-07-04 07:43:36,279 DEBUG      STATUS: 200
2025-07-04 07:43:36,279 DEBUG      HEADERS:{'Content-Type': 'application/json'}
2025-07-04 07:43:36,279 DEBUG      TEXT:   {"res":1}…
2025-07-04 07:43:36,285 DEBUG    → PAYU ORDER REQUEST
2025-07-04 07:43:36,285 DEBUG      URL:    'https://secure.snd.payu.com/api/v2_1/orders'
2025-07-04 07:43:36,285 DEBUG      HEADERS:{'Authorization': 'Bearer tok', 'Content-Type': 'application/json', 'Accept': 'application/json'}
2025-07-04 07:43:36,285 DEBUG      BODY:   {'notifyUrl': 'http://localhost:8000/payments/payu/notification', 'customerIp': '127.0.0.1', 'merchantPosId': '300746', 'description': 'Invoice #1', 'currencyCode': 'PLN', 'totalAmount': '9990', 'extOrderId': '1_1751607816', 'buyer': {'email': 'b@x', 'firstName': 'John', 'lastName': 'Doe'}, 'products': [{'name': 'Invoice #1', 'unitPrice': '9990', 'quantity': '1'}]}
2025-07-04 07:43:36,285 DEBUG    ← PAYU ORDER RESPONSE
2025-07-04 07:43:36,285 DEBUG      STATUS: 302
2025-07-04 07:43:36,285 DEBUG      HEADERS:{'Content-Type': 'application/json', 'Location': 'https://payu/redirect?orderId=123'}
2025-07-04 07:43:36,286 DEBUG      TEXT:   …
2025-07-04 07:43:36,286 INFO     PayU zwrócił URL do płatności: https://payu/redirect?orderId=123
2025-07-04 07:43:36,290 DEBUG    → PAYU ORDER REQUEST
2025-07-04 07:43:36,290 DEBUG      URL:    'https://secure.snd.payu.com/api/v2_1/orders'
2025-07-04 07:43:36,290 DEBUG      HEADERS:{'Authorization': 'Bearer tok', 'Content-Type': 'application/json', 'Accept': 'application/json'}
2025-07-04 07:43:36,291 DEBUG      BODY:   {'notifyUrl': 'http://localhost:8000/payments/payu/notification', 'customerIp': '127.0.0.1', 'merchantPosId': '300746', 'description': 'Invoice #1', 'currencyCode': 'PLN', 'totalAmount': '100', 'extOrderId': '1_1751607816', 'buyer': {'email': 'b@x', 'firstName': 'Jan', 'lastName': 'Nowak'}, 'products': [{'name': 'Invoice #1', 'unitPrice': '100', 'quantity': '1'}]}
2025-07-04 07:43:36,291 DEBUG    ← PAYU ORDER RESPONSE
2025-07-04 07:43:36,291 DEBUG      STATUS: 200
2025-07-04 07:43:36,291 DEBUG      HEADERS:{'Content-Type': 'text/plain'}
2025-07-04 07:43:36,291 DEBUG      TEXT:   fail…
2025-11-20 18:50:23,797 DEBUG    → PAYU AUTH REQUEST
2025-11-20 18:50:23,797 DEBUG      URL:    'https://secure.snd.payu.com/pl/standard/user/oauth/authorize'
2025-11-20 18:50:23,797 DEBUG      HEADERS:{'Content-Type': 'application/x-www-form-urlencoded', 'Accept': 'application/json'}
2025-11-20 18:50:23,798 DEBUG      BODY:   {'grant_type': 'client_credentials'}
2025-11-20 18:50:23,798 DEBUG    ← PAYU AUTH RESPONSE
2025-11-20 18:50:23,798 DEBUG      STATUS: 200
2025-11-20 18:50:23,798 DEBUG      HEADERS:{'Content-Type': 'application/json'}
2025-11-20 18:50:23,798 DEBUG      TEXT:   {"access_token":"tok"}…
2025-11-20 18:50:23,799 DEBUG    → PAYU AUTH REQUEST
2025-11-20 18:50:23,799 DEBUG      URL:    'https://secure.snd.payu.com/pl/standard/user/oauth/authorize'
2025-11-20 18:50:23,799 DEBUG      HEADERS:{'Content-Type': 'application/x-www-form-urlencoded', 'Accept': 'application/json'}
2025-11-20 18:50:23,799 DEBUG      BODY:   {'grant_type': 'client_credentials'}
2025-11-20 18:50:23,799 DEBUG    ← PAYU AUTH RESPONSE
2025-11-20 18:50:23,799 DEBUG      STATUS: 200
2025-11-20 18:50:23,799 DEBUG      HEADERS:{'Content-Type': 'text/plain'}
2025-11-20 18:50:23,799 DEBUG      TEXT:   fail…
2025-11-20 18:50:23,800 DEBUG    → PAYU ORDER REQUEST
2025-11-20 18:50:23,800 DEBUG      URL:    'https://secure.snd.payu.com/api/v2_1/orders'
2025-11-20 18:50:23,800 DEBUG      HEADERS:{'Authorization': 'Bearer tok', 'Content-Type': 'application/json', 'Accept': 'application/json'}
2025-11-20 18:50:23,800 DEBUG      BODY:   {'notifyUrl': 'http://localhost:8000/payments/payu/notification', 'customerIp': '127.0.0.1', 'merchantPosId': '300746', 'description': 'Invoice #1', 'currencyCode': 'PLN', 'totalAmount': '9990', 'extOrderId': '1_1763661023', 'buyer': {'email': 'b@x', 'firstName': 'John', 'lastName': 'Doe'}, 'products': [{'name': 'Invoice #1', 'unitPrice': '9990', 'quantity': '1'}]}
2025-11-20 18:50:23,800 DEBUG    ← PAYU ORDER RESPONSE
2025-11-20 18:50:23,800 DEBUG      STATUS: 200
2025-11-20 18:50:23,800 DEBUG      HEADERS:{'Content-Type': 'application/json'}
2025-11-20 18:50:23,800 DEBUG      TEXT:   {"res":1}…
2025-11-20 18:50:23,801 DEBUG    → PAYU ORDER REQUEST
2025-11-20 18:50:23,801 DEBUG      URL:    'https://secure.snd.payu.com/api/v2_1/orders'
2025-11-20 18:50:23,801 DEBUG      HEADERS:{'Authorization': 'Bearer tok', 'Content-Type': 'application/json', 'Accept': 'application/json'}
2025-11-20 18:50:23,801 DEBUG      BODY:   {'notifyUrl': 'http://localhost:8000/payments/payu/notification', 'customerIp': '127.0.0.1', 'merchantPosId': '300746', 'description': 'Invoice #1', 'currencyCode': 'PLN', 'totalAmount': '9990', 'extOrderId': '1_1763661023', 'buyer': {'email': 'b@x', 'firstName': 'John', 'lastName': 'Doe'}, 'products': [{'name': 'Invoice #1', 'unitPrice': '9990', 'quantity': '1'}]}
2025-11-20 18:50:23,801 DEBUG    ← PAYU ORDER RESPONSE
2025-11-20 18:50:23,801 DEBUG      STATUS: 302
2025-11-20 18:50:23,801 DEBUG      HEADERS:{'Content-Type': 'application/json', 'Location': 'https://payu/redirect?orderId=123'}
2025-11-20 18:50:23,802 DEBUG      TEXT:   …
2025-11-20 18:50:23,802 INFO     PayU zwrócił URL do płatności: https://payu/redirect?orderId=123
2025-11-20 18:50:23,803 DEBUG    → PAYU ORDER REQUEST
2025-11-20 18:50:23,803 DEBUG      URL:    'https://secure.snd.payu.com/api/v2_1/orders'
2025-11-20 18:50:23,803 DEBUG      HEADERS:{'Authorization': 'Bearer tok', 'Content-Type': 'application/json', 'Accept': 'application/json'}
2025-11-20 18:50:23,803 DEBUG      BODY:   {'notifyUrl': 'http://localhost:8000/payments/payu/notification', 'customerIp': '127.0.0.1', 'merchantPosId': '300746', 'description': 'Invoice #1', 'currencyCode': 'PLN', 'totalAmount': '100', 'extOrderId': '1_1763661023', 'buyer': {'email': 'b@x', 'firstName': 'Jan', 'lastName': 'Nowak'}, 'products': [{'name': 'Invoice #1', 'unitPrice': '100', 'quantity': '1'}]}
2025-11-20 18:50:23,803 DEBUG    ← PAYU ORDER RESPONSE
2025-11-20 18:50:23,803 DEBUG      STATUS: 200
2025-11-20 18:50:23,803 DEBUG      HEADERS:{'Content-Type': 'text/plain'}
2025-11-20 18:50:23,803 DEBUG      TEXT:   fail…
2025-12-13 18:02:29,526 DEBUG    → PAYU AUTH REQUEST
2025-12-13 18:02:29,526 DEBUG      URL:    'https://secure.snd.payu.com/pl/standard/user/oauth/authorize'
2025-12-13 18:02:29,526 DEBUG      HEADERS:{'Content-Type': 'application/x-www-form-urlencoded', 'Accept': 'application/json'}
2025-12-13 18:02:29,526 DEBUG      BODY:   {'grant_type': 'client_credentials'}
2025-12-13 18:02:29,527 DEBUG    ← PAYU AUTH RESPONSE
2025-12-13 18:02:29,527 DEBUG      STATUS: 200
2025-12-13 18:02:29,527 DEBUG      HEADERS:{'Content-Type': 'application/json'}
2025-12-13 18:02:29,527 DEBUG      TEXT:   {"access_token":"tok"}…
2025-12-13 18:02:29,529 DEBUG    → PAYU AUTH REQUEST
2025-12-13 18:02:29,529 DEBUG      URL:    'https://secure.snd.payu.com/pl/standard/user/oauth/authorize'
2025-12-13 18:02:29,529 DEBUG      HEADERS:{'Content-Type': 'application/x-www-form-urlencoded', 'Accept': 'application/json'}
2025-12-13 18:02:29,529 DEBUG      BODY:   {'grant_type': 'client_credentials'}
2025-12-13 18:02:29,530 DEBUG    ← PAYU AUTH RESPONSE
2025-12-13 18:02:29,530 DEBUG      STATUS: 200
2025-12-13 18:02:29,530 DEBUG      HEADERS:{'Content-Type': 'text/plain'}
2025-12-13 18:02:29,530 DEBUG      TEXT:   fail…
2025-12-13 18:02:29,532 DEBUG    → PAYU ORDER REQUEST
2025-12-13 18:02:29,532 DEBUG      URL:    'https://secure.snd.payu.com/api/v2_1/orders'
2025-12-13 18:02:29,532 DEBUG      HEADERS:{'Authorization': 'Bearer tok', 'Content-Type': 'application/json', 'Accept': 'application/json'}
2025-12-13 18:02:29,532 DEBUG      BODY:   {'notifyUrl': 'http://localhost:8000/payments/payu/notification', 'customerIp': '127.0.0.1', 'merchantPosId': '300746', 'description': 'Invoice #1', 'currencyCode': 'PLN', 'totalAmount': '9990', 'extOrderId': '1_1765645349', 'buyer': {'email': 'b@x', 'firstName': 'John', 'lastName': 'Doe'}, 'products': [{'name': 'Invoice #1', 'unitPrice': '9990', 'quantity': '1'}]}
2025-12-13 18:02:29,532 DEBUG    ← PAYU ORDER RESPONSE
2025-12-13 18:02:29,532 DEBUG      STATUS: 200
2025-12-13 18:02:29,532 DEBUG      HEADERS:{'Content-Type': 'application/json'}
2025-12-13 18:02:29,532 DEBUG      TEXT:   {"res":1}…
2025-12-13 18:02:29,536 DEBUG    → PAYU ORDER REQUEST
2025-12-13 18:02:29,536 DEBUG      URL:    'https://secure.snd.payu.com/api/v2_1/orders'
2025-12-13 18:02:29,536 DEBUG      HEADERS:{'Authorization': 'Bearer tok', 'Content-Type': 'application/json', 'Accept': 'application/json'}
2025-12-13 18:02:29,536 DEBUG      BODY:   {'notifyUrl': 'http://localhost:8000/payments/payu/notification', 'customerIp': '127.0.0.1', 'merchantPosId': '300746', 'description': 'Invoice #1', 'currencyCode': 'PLN', 'totalAmount': '9990', 'extOrderId': '1_1765645349', 'buyer': {'email': 'b@x', 'firstName': 'John', 'lastName': 'Doe'}, 'products': [{'name': 'Invoice #1', 'unitPrice': '9990', 'quantity': '1'}]}
2025-12-13 18:02:29,536 DEBUG    ← PAYU ORDER RESPONSE
2025-12-13 18:02:29,536 DEBUG      STATUS: 302
2025-12-13 18:02:29,538 DEBUG      HEADERS:{'Content-Type': 'application/json', 'Location': 'https://payu/redirect?orderId=123'}
2025-12-13 18:02:29,538 DEBUG      TEXT:   …
2025-12-13 18:02:29,538 INFO     PayU zwrócił URL do płatności: https://payu/redirect?orderId=123
2025-12-13 18:02:29,541 DEBUG    → PAYU ORDER REQUEST
2025-12-13 18:02:29,543 DEBUG      URL:    'https://secure.snd.payu.com/api/v2_1/orders'
2025-12-13 18:02:29,543 DEBUG      HEADERS:{'Authorization': 'Bearer tok', 'Content-Type': 'application/json', 'Accept': 'application/json'}
2025-12-13 18:02:29,543 DEBUG      BODY:   {'notifyUrl': 'http://localhost:8000/payments/payu/notification', 'customerIp': '127.0.0.1', 'merchantPosId': '300746', 'description': 'Invoice #1', 'currencyCode': 'PLN', 'totalAmount': '100', 'extOrderId': '1_1765645349', 'buyer': {'email': 'b@x', 'firstName': 'Jan', 'lastName': 'Nowak'}, 'products': [{'name': 'Invoice #1', 'unitPrice': '100', 'quantity': '1'}]}
2025-12-13 18:02:29,543 DEBUG    ← PAYU ORDER RESPONSE
2025-12-13 18:02:29,543 DEBUG      STATUS: 200
2025-12-13 18:02:29,543 DEBUG      HEADERS:{'Content-Type': 'text/plain'}
2025-12-13 18:02:29,543 DEBUG      TEXT:   fail…
2025-12-13 18:06:48,284 DEBUG    → PAYU AUTH REQUEST
2025-12-13 18:06:48,285 DEBUG      URL:    'https://secure.snd.payu.com/pl/standard/user/oauth/authorize'
2025-12-13 18:06:48,285 DEBUG      HEADERS:{'Content-Type': 'application/x-www-form-urlencoded', 'Accept': 'application/json'}
2025-12-13 18:06:48,285 DEBUG      BODY:   {'grant_type': 'client_credentials'}
2025-12-13 18:06:48,285 DEBUG    ← PAYU AUTH RESPONSE
2025-12-13 18:06:48,285 DEBUG      STATUS: 200
2025-12-13 18:06:48,285 DEBUG      HEADERS:{'Content-Type': 'application/json'}
2025-12-13 18:06:48,285 DEBUG      TEXT:   {"access_token":"tok"}…
2025-12-13 18:06:48,289 DEBUG    → PAYU AUTH REQUEST
2025-12-13 18:06:48,289 DEBUG      URL:    'https://secure.snd.payu.com/pl/standard/user/oauth/authorize'
2025-12-13 18:06:48,289 DEBUG      HEADERS:{'Content-Type': 'application/x-www-form-urlencoded', 'Accept': 'application/json'}
2025-12-13 18:06:48,290 DEBUG      BODY:   {'grant_type': 'client_credentials'}
2025-12-13 18:06:48,290 DEBUG    ← PAYU AUTH RESPONSE
2025-12-13 18:06:48,290 DEBUG      STATUS: 200
2025-12-13 18:06:48,290 DEBUG      HEADERS:{'Content-Type': 'text/plain'}
2025-12-13 18:06:48,290 DEBUG      TEXT:   fail…
2025-12-13 18:06:48,293 DEBUG    → PAYU ORDER REQUEST
2025-12-13 18:06:48,293 DEBUG      URL:    'https://secure.snd.payu.com/api/v2_1/orders'
2025-12-13 18:06:48,293 DEBUG      HEADERS:{'Authorization': 'Bearer tok', 'Content-Type': 'application/json', 'Accept': 'application/json'}
2025-12-13 18:06:48,293 DEBUG      BODY:   {'notifyUrl': 'http://localhost:8000/payments/payu/notification', 'customerIp': '127.0.0.1', 'merchantPosId': '300746', 'description': 'Invoice #1', 'currencyCode': 'PLN', 'totalAmount': '9990', 'extOrderId': '1_1765645608', 'buyer': {'email': 'b@x', 'firstName': 'John', 'lastName': 'Doe'}, 'products': [{'name': 'Invoice #1', 'unitPrice': '9990', 'quantity': '1'}]}
2025-12-13 18:06:48,293 DEBUG    ← PAYU ORDER RESPONSE
2025-12-13 18:06:48,293 DEBUG      STATUS: 200
2025-12-13 18:06:48,293 DEBUG      HEADERS:{'Content-Type': 'application/json'}
2025-12-13 18:06:48,293 DEBUG      TEXT:   {"res":1}…
2025-12-13 18:06:48,296 DEBUG    → PAYU ORDER REQUEST
2025-12-13 18:06:48,296 DEBUG      URL:    'https://secure.snd.payu.com/api/v2_1/orders'
2025-12-13 18:06:48,296 DEBUG      HEADERS:{'Authorization': 'Bearer tok', 'Content-Type': 'application/json', 'Accept': 'application/json'}
2025-12-13 18:06:48,296 DEBUG      BODY:   {'notifyUrl': 'http://localhost:8000/payments/payu/notification', 'customerIp': '127.0.0.1', 'merchantPosId': '300746', 'description': 'Invoice #1', 'currencyCode': 'PLN', 'totalAmount': '9990', 'extOrderId': '1_1765645608', 'buyer': {'email': 'b@x', 'firstName': 'John', 'lastName': 'Doe'}, 'products': [{'name': 'Invoice #1', 'unitPrice': '9990', 'quantity': '1'}]}
2025-12-13 18:06:48,298 DEBUG    ← PAYU ORDER RESPONSE
2025-12-13 18:06:48,298 DEBUG      STATUS: 302
2025-12-13 18:06:48,298 DEBUG      HEADERS:{'Content-Type': 'application/json', 'Location': 'https://payu/redirect?orderId=123'}
2025-12-13 18:06:48,298 DEBUG      TEXT:   …
2025-12-13 18:06:48,298 INFO     PayU zwrócił URL do płatności: https://payu/redirect?orderId=123
2025-12-13 18:06:48,300 DEBUG    → PAYU ORDER REQUEST
2025-12-13 18:06:48,301 DEBUG      URL:    'https://secure.snd.payu.com/api/v2_1/orders'
2025-12-13 18:06:48,301 DEBUG      HEADERS:{'Authorization': 'Bearer tok', 'Content-Type': 'application/json', 'Accept': 'application/json'}
2025-12-13 18:06:48,301 DEBUG      BODY:   {'notifyUrl': 'http://localhost:8000/payments/payu/notification', 'customerIp': '127.0.0.1', 'merchantPosId': '300746', 'description': 'Invoice #1', 'currencyCode': 'PLN', 'totalAmount': '100', 'extOrderId': '1_1765645608', 'buyer': {'email': 'b@x', 'firstName': 'Jan', 'lastName': 'Nowak'}, 'products': [{'name': 'Invoice #1', 'unitPrice': '100', 'quantity': '1'}]}
2025-12-13 18:06:48,301 DEBUG    ← PAYU ORDER RESPONSE
2025-12-13 18:06:48,301 DEBUG      STATUS: 200
2025-12-13 18:06:48,301 DEBUG      HEADERS:{'Content-Type': 'text/plain'}
2025-12-13 18:06:48,301 DEBUG      TEXT:   fail…
2025-12-13 18:11:01,347 DEBUG    → PAYU AUTH REQUEST
2025-12-13 18:11:01,348 DEBUG      URL:    'https://secure.snd.payu.com/pl/standard/user/oauth/authorize'
2025-12-13 18:11:01,348 DEBUG      HEADERS:{'Content-Type': 'application/x-www-form-urlencoded', 'Accept': 'application/json'}
2025-12-13 18:11:01,348 DEBUG      BODY:   {'grant_type': 'client_credentials'}
2025-12-13 18:11:01,348 DEBUG    ← PAYU AUTH RESPONSE
2025-12-13 18:11:01,348 DEBUG      STATUS: 200
2025-12-13 18:11:01,348 DEBUG      HEADERS:{'Content-Type': 'application/json'}
2025-12-13 18:11:01,348 DEBUG      TEXT:   {"access_token":"tok"}…
2025-12-13 18:11:01,354 DEBUG    → PAYU AUTH REQUEST
2025-12-13 18:11:01,354 DEBUG      URL:    'https://secure.snd.payu.com/pl/standard/user/oauth/authorize'
2025-12-13 18:11:01,355 DEBUG      HEADERS:{'Content-Type': 'application/x-www-form-urlencoded', 'Accept': 'application/json'}
2025-12-13 18:11:01,355 DEBUG      BODY:   {'grant_type': 'client_credentials'}
2025-12-13 18:11:01,355 DEBUG    ← PAYU AUTH RESPONSE
2025-12-13 18:11:01,355 DEBUG      STATUS: 200
2025-12-13 18:11:01,355 DEBUG      HEADERS:{'Content-Type': 'text/plain'}
2025-12-13 18:11:01,355 DEBUG      TEXT:   fail…
2025-12-13 18:11:01,358 DEBUG    → PAYU ORDER REQUEST
2025-12-13 18:11:01,358 DEBUG      URL:    'https://secure.snd.payu.com/api/v2_1/orders'
2025-12-13 18:11:01,358 DEBUG      HEADERS:{'Authorization': 'Bearer tok', 'Content-Type': 'application/json', 'Accept': 'application/json'}
2025-12-13 18:11:01,358 DEBUG      BODY:   {'notifyUrl': 'http://localhost:8000/payments/payu/notification', 'customerIp': '127.0.0.1', 'merchantPosId': '300746', 'description': 'Invoice #1', 'currencyCode': 'PLN', 'totalAmount': '9990', 'extOrderId': '1_1765645861', 'buyer': {'email': 'b@x', 'firstName': 'John', 'lastName': 'Doe'}, 'products': [{'name': 'Invoice #1', 'unitPrice': '9990', 'quantity': '1'}]}
2025-12-13 18:11:01,358 DEBUG    ← PAYU ORDER RESPONSE
2025-12-13 18:11:01,358 DEBUG      STATUS: 200
2025-12-13 18:11:01,358 DEBUG      HEADERS:{'Content-Type': 'application/json'}
2025-12-13 18:11:01,358 DEBUG      TEXT:   {"res":1}…
2025-12-13 18:11:01,361 DEBUG    → PAYU ORDER REQUEST
2025-12-13 18:11:01,361 DEBUG      URL:    'https://secure.snd.payu.com/api/v2_1/orders'
2025-12-13 18:11:01,361 DEBUG      HEADERS:{'Authorization': 'Bearer tok', 'Content-Type': 'application/json', 'Accept': 'application/json'}
2025-12-13 18:11:01,361 DEBUG      BODY:   {'notifyUrl': 'http://localhost:8000/payments/payu/notification', 'customerIp': '127.0.0.1', 'merchantPosId': '300746', 'description': 'Invoice #1', 'currencyCode': 'PLN', 'totalAmount': '9990', 'extOrderId': '1_1765645861', 'buyer': {'email': 'b@x', 'firstName': 'John', 'lastName': 'Doe'}, 'products': [{'name': 'Invoice #1', 'unitPrice': '9990', 'quantity': '1'}]}
2025-12-13 18:11:01,361 DEBUG    ← PAYU ORDER RESPONSE
2025-12-13 18:11:01,361 DEBUG      STATUS: 302
2025-12-13 18:11:01,361 DEBUG      HEADERS:{'Content-Type': 'application/json', 'Location': 'https://payu/redirect?orderId=123'}
2025-12-13 18:11:01,361 DEBUG      TEXT:   …
2025-12-13 18:11:01,361 INFO     PayU zwrócił URL do płatności: https://payu/redirect?orderId=123
2025-12-13 18:11:01,364 DEBUG    → PAYU ORDER REQUEST
2025-12-13 18:11:01,364 DEBUG      URL:    'https://secure.snd.payu.com/api/v2_1/orders'
2025-12-13 18:11:01,364 DEBUG      HEADERS:{'Authorization': 'Bearer tok', 'Content-Type': 'application/json', 'Accept': 'application/json'}
2025-12-13 18:11:01,364 DEBUG      BODY:   {'notifyUrl': 'http://localhost:8000/payments/payu/notification', 'customerIp': '127.0.0.1', 'merchantPosId': '300746', 'description': 'Invoice #1', 'currencyCode': 'PLN', 'totalAmount': '100', 'extOrderId': '1_1765645861', 'buyer': {'email': 'b@x', 'firstName': 'Jan', 'lastName': 'Nowak'}, 'products': [{'name': 'Invoice #1', 'unitPrice': '100', 'quantity': '1'}]}
2025-12-13 18:11:01,364 DEBUG    ← PAYU ORDER RESPONSE
2025-12-13 18:11:01,364 DEBUG      STATUS: 200
2025-12-13 18:11:01,364 DEBUG      HEADERS:{'Content-Type': 'text/plain'}
2025-12-13 18:11:01,365 DEBUG      TEXT:   fail…
2025-12-13 18:12:45,293 DEBUG    → PAYU AUTH REQUEST
2025-12-13 18:12:45,293 DEBUG      URL:    'https://secure.snd.payu.com/pl/standard/user/oauth/authorize'
2025-12-13 18:12:45,293 DEBUG      HEADERS:{'Content-Type': 'application/x-www-form-urlencoded', 'Accept': 'application/json'}
2025-12-13 18:12:45,293 DEBUG      BODY:   {'grant_type': 'client_credentials'}
2025-12-13 18:12:45,293 DEBUG    ← PAYU AUTH RESPONSE
2025-12-13 18:12:45,293 DEBUG      STATUS: 200
2025-12-13 18:12:45,293 DEBUG      HEADERS:{'Content-Type': 'application/json'}
2025-12-13 18:12:45,293 DEBUG      TEXT:   {"access_token":"tok"}…
2025-12-13 18:12:45,297 DEBUG    → PAYU AUTH REQUEST
2025-12-13 18:12:45,297 DEBUG      URL:    'https://secure.snd.payu.com/pl/standard/user/oauth/authorize'
2025-12-13 18:12:45,297 DEBUG      HEADERS:{'Content-Type': 'application/x-www-form-urlencoded', 'Accept': 'application/json'}
2025-12-13 18:12:45,297 DEBUG      BODY:   {'grant_type': 'client_credentials'}
2025-12-13 18:12:45,297 DEBUG    ← PAYU AUTH RESPONSE
2025-12-13 18:12:45,297 DEBUG      STATUS: 200
2025-12-13 18:12:45,297 DEBUG      HEADERS:{'Content-Type': 'text/plain'}
2025-12-13 18:12:45,298 DEBUG      TEXT:   fail…
2025-12-13 18:12:45,302 DEBUG    → PAYU ORDER REQUEST
2025-12-13 18:12:45,302 DEBUG      URL:    'https://secure.snd.payu.com/api/v2_1/orders'
2025-12-13 18:12:45,302 DEBUG      HEADERS:{'Authorization': 'Bearer tok', 'Content-Type': 'application/json', 'Accept': 'application/json'}
2025-12-13 18:12:45,302 DEBUG      BODY:   {'notifyUrl': 'http://localhost:8000/payments/payu/notification', 'customerIp': '127.0.0.1', 'merchantPosId': '300746', 'description': 'Invoice #1', 'currencyCode': 'PLN', 'totalAmount': '9990', 'extOrderId': '1_1765645965', 'buyer': {'email': 'b@x', 'firstName': 'John', 'lastName': 'Doe'}, 'products': [{'name': 'Invoice #1', 'unitPrice': '9990', 'quantity': '1'}]}
2025-12-13 18:12:45,302 DEBUG    ← PAYU ORDER RESPONSE
2025-12-13 18:12:45,302 DEBUG      STATUS: 200
2025-12-13 18:12:45,302 DEBUG      HEADERS:{'Content-Type': 'application/json'}
2025-12-13 18:12:45,302 DEBUG      TEXT:   {"res":1}…
2025-12-13 18:12:45,305 DEBUG    → PAYU ORDER REQUEST
2025-12-13 18:12:45,305 DEBUG      URL:    'https://secure.snd.payu.com/api/v2_1/orders'
2025-12-13 18:12:45,305 DEBUG      HEADERS:{'Authorization': 'Bearer tok', 'Content-Type': 'application/json', 'Accept': 'application/json'}
2025-12-13 18:12:45,305 DEBUG      BODY:   {'notifyUrl': 'http://localhost:8000/payments/payu/notification', 'customerIp': '127.0.0.1', 'merchantPosId': '300746', 'description': 'Invoice #1', 'currencyCode': 'PLN', 'totalAmount': '9990', 'extOrderId': '1_1765645965', 'buyer': {'email': 'b@x', 'firstName': 'John', 'lastName': 'Doe'}, 'products': [{'name': 'Invoice #1', 'unitPrice': '9990', 'quantity': '1'}]}
2025-12-13 18:12:45,306 DEBUG    ← PAYU ORDER RESPONSE
2025-12-13 18:12:45,306 DEBUG      STATUS: 302
2025-12-13 18:12:45,306 DEBUG      HEADERS:{'Content-Type': 'application/json', 'Location': 'https://payu/redirect?orderId=123'}
2025-12-13 18:12:45,306 DEBUG      TEXT:   …
2025-12-13 18:12:45,306 INFO     PayU zwrócił URL do płatności: https://payu/redirect?orderId=123
2025-12-13 18:12:45,309 DEBUG    → PAYU ORDER REQUEST
2025-12-13 18:12:45,309 DEBUG      URL:    'https://secure.snd.payu.com/api/v2_1/orders'
2025-12-13 18:12:45,309 DEBUG      HEADERS:{'Authorization': 'Bearer tok', 'Content-Type': 'application/json', 'Accept': 'application/json'}
2025-12-13 18:12:45,309 DEBUG      BODY:   {'notifyUrl': 'http://localhost:8000/payments/payu/notification', 'customerIp': '127.0.0.1', 'merchantPosId': '300746', 'description': 'Invoice #1', 'currencyCode': 'PLN', 'totalAmount': '100', 'extOrderId': '1_1765645965', 'buyer': {'email': 'b@x', 'firstName': 'Jan', 'lastName': 'Nowak'}, 'products': [{'name': 'Invoice #1', 'unitPrice': '100', 'quantity': '1'}]}
2025-12-13 18:12:45,309 DEBUG    ← PAYU ORDER RESPONSE
2025-12-13 18:12:45,310 DEBUG      STATUS: 200
2025-12-13 18:12:45,310 DEBUG      HEADERS:{'Content-Type': 'text/plain'}
2025-12-13 18:12:45,310 DEBUG      TEXT:   fail…
2025-12-18 09:21:57,250 DEBUG    → PAYU AUTH REQUEST
2025-12-18 09:21:57,251 DEBUG      URL:    'https://secure.snd.payu.com/pl/standard/user/oauth/authorize'
2025-12-18 09:21:57,251 DEBUG      HEADERS:{'Content-Type': 'application/x-www-form-urlencoded', 'Accept': 'application/json'}
2025-12-18 09:21:57,251 DEBUG      BODY:   {'grant_type': 'client_credentials'}
2025-12-18 09:21:57,251 DEBUG    ← PAYU AUTH RESPONSE
2025-12-18 09:21:57,251 DEBUG      STATUS: 200
2025-12-18 09:21:57,251 DEBUG      HEADERS:{'Content-Type': 'application/json'}
2025-12-18 09:21:57,251 DEBUG      TEXT:   {"access_token":"tok"}…
2025-12-18 09:21:57,254 DEBUG    → PAYU AUTH REQUEST
2025-12-18 09:21:57,254 DEBUG      URL:    'https://secure.snd.payu.com/pl/standard/user/oauth/authorize'
2025-12-18 09:21:57,254 DEBUG      HEADERS:{'Content-Type': 'application/x-www-form-urlencoded', 'Accept': 'application/json'}
2025-12-18 09:21:57,254 DEBUG      BODY:   {'grant_type': 'client_credentials'}
2025-12-18 09:21:57,255 DEBUG    ← PAYU AUTH RESPONSE
2025-12-18 09:21:57,255 DEBUG      STATUS: 200
2025-12-18 09:21:57,255 DEBUG      HEADERS:{'Content-Type': 'text/plain'}
2025-12-18 09:21:57,255 DEBUG      TEXT:   fail…
2025-12-18 09:21:57,257 DEBUG    → PAYU ORDER REQUEST
2025-12-18 09:21:57,257 DEBUG      URL:    'https://secure.snd.payu.com/api/v2_1/orders'
2025-12-18 09:21:57,257 DEBUG      HEADERS:{'Authorization': 'Bearer tok', 'Content-Type': 'application/json', 'Accept': 'application/json'}
2025-12-18 09:21:57,257 DEBUG      BODY:   {'notifyUrl': 'http://localhost:8000/payments/payu/notification', 'customerIp': '127.0.0.1', 'merchantPosId': '300746', 'description': 'Invoice #1', 'currencyCode': 'PLN', 'totalAmount': '9990', 'extOrderId': '1_1766046117', 'buyer': {'email': 'b@x', 'firstName': 'John', 'lastName': 'Doe'}, 'products': [{'name': 'Invoice #1', 'unitPrice': '9990', 'quantity': '1'}]}
2025-12-18 09:21:57,257 DEBUG    ← PAYU ORDER RESPONSE
2025-12-18 09:21:57,257 DEBUG      STATUS: 200
2025-12-18 09:21:57,257 DEBUG      HEADERS:{'Content-Type': 'application/json'}
2025-12-18 09:21:57,257 DEBUG      TEXT:   {"res":1}…
2025-12-18 09:21:57,259 DEBUG    → PAYU ORDER REQUEST
2025-12-18 09:21:57,259 DEBUG      URL:    'https://secure.snd.payu.com/api/v2_1/orders'
2025-12-18 09:21:57,259 DEBUG      HEADERS:{'Authorization': 'Bearer tok', 'Content-Type': 'application/json', 'Accept': 'application/json'}
2025-12-18 09:21:57,259 DEBUG      BODY:   {'notifyUrl': 'http://localhost:8000/payments/payu/notification', 'customerIp': '127.0.0.1', 'merchantPosId': '300746', 'description': 'Invoice #1', 'currencyCode': 'PLN', 'totalAmount': '9990', 'extOrderId': '1_1766046117', 'buyer': {'email': 'b@x', 'firstName': 'John', 'lastName': 'Doe'}, 'products': [{'name': 'Invoice #1', 'unitPrice': '9990', 'quantity': '1'}]}
2025-12-18 09:21:57,259 DEBUG    ← PAYU ORDER RESPONSE
2025-12-18 09:21:57,259 DEBUG      STATUS: 302
2025-12-18 09:21:57,259 DEBUG      HEADERS:{'Content-Type': 'application/json', 'Location': 'https://payu/redirect?orderId=123'}
2025-12-18 09:21:57,261 DEBUG      TEXT:   …
2025-12-18 09:21:57,261 INFO     PayU zwrócił URL do płatności: https://payu/redirect?orderId=123
2025-12-18 09:21:57,267 DEBUG    → PAYU ORDER REQUEST
2025-12-18 09:21:57,267 DEBUG      URL:    'https://secure.snd.payu.com/api/v2_1/orders'
2025-12-18 09:21:57,267 DEBUG      HEADERS:{'Authorization': 'Bearer tok', 'Content-Type': 'application/json', 'Accept': 'application/json'}
2025-12-18 09:21:57,267 DEBUG      BODY:   {'notifyUrl': 'http://localhost:8000/payments/payu/notification', 'customerIp': '127.0.0.1', 'merchantPosId': '300746', 'description': 'Invoice #1', 'currencyCode': 'PLN', 'totalAmount': '100', 'extOrderId': '1_1766046117', 'buyer': {'email': 'b@x', 'firstName': 'Jan', 'lastName': 'Nowak'}, 'products': [{'name': 'Invoice #1', 'unitPrice': '100', 'quantity': '1'}]}
2025-12-18 09:21:57,267 DEBUG    ← PAYU ORDER RESPONSE
2025-12-18 09:21:57,267 DEBUG      STATUS: 200
2025-12-18 09:21:57,267 DEBUG      HEADERS:{'Content-Type': 'text/plain'}
2025-12-18 09:21:57,267 DEBUG      TEXT:   fail…
2025-12-18 09:25:09,672 DEBUG    → PAYU AUTH REQUEST
2025-12-18 09:25:09,673 DEBUG      URL:    'https://secure.snd.payu.com/pl/standard/user/oauth/authorize'
2025-12-18 09:25:09,673 DEBUG      HEADERS:{'Content-Type': 'application/x-www-form-urlencoded', 'Accept': 'application/json'}
2025-12-18 09:25:09,673 DEBUG      BODY:   {'grant_type': 'client_credentials'}
2025-12-18 09:25:09,673 DEBUG    ← PAYU AUTH RESPONSE
2025-12-18 09:25:09,673 DEBUG      STATUS: 200
2025-12-18 09:25:09,673 DEBUG      HEADERS:{'Content-Type': 'application/json'}
2025-12-18 09:25:09,673 DEBUG      TEXT:   {"access_token":"tok"}…
2025-12-18 09:25:09,675 DEBUG    → PAYU AUTH REQUEST
2025-12-18 09:25:09,675 DEBUG      URL:    'https://secure.snd.payu.com/pl/standard/user/oauth/authorize'
2025-12-18 09:25:09,677 DEBUG      HEADERS:{'Content-Type': 'application/x-www-form-urlencoded', 'Accept': 'application/json'}
2025-12-18 09:25:09,677 DEBUG      BODY:   {'grant_type': 'client_credentials'}
2025-12-18 09:25:09,677 DEBUG    ← PAYU AUTH RESPONSE
2025-12-18 09:25:09,677 DEBUG      STATUS: 200
2025-12-18 09:25:09,677 DEBUG      HEADERS:{'Content-Type': 'text/plain'}
2025-12-18 09:25:09,677 DEBUG      TEXT:   fail…
2025-12-18 09:25:09,678 DEBUG    → PAYU ORDER REQUEST
2025-12-18 09:25:09,678 DEBUG      URL:    'https://secure.snd.payu.com/api/v2_1/orders'
2025-12-18 09:25:09,678 DEBUG      HEADERS:{'Authorization': 'Bearer tok', 'Content-Type': 'application/json', 'Accept': 'application/json'}
2025-12-18 09:25:09,678 DEBUG      BODY:   {'notifyUrl': 'http://localhost:8000/payments/payu/notification', 'customerIp': '127.0.0.1', 'merchantPosId': '300746', 'description': 'Invoice #1', 'currencyCode': 'PLN', 'totalAmount': '9990', 'extOrderId': '1_1766046309', 'buyer': {'email': 'b@x', 'firstName': 'John', 'lastName': 'Doe'}, 'products': [{'name': 'Invoice #1', 'unitPrice': '9990', 'quantity': '1'}]}
2025-12-18 09:25:09,678 DEBUG    ← PAYU ORDER RESPONSE
2025-12-18 09:25:09,678 DEBUG      STATUS: 200
2025-12-18 09:25:09,678 DEBUG      HEADERS:{'Content-Type': 'application/json'}
2025-12-18 09:25:09,678 DEBUG      TEXT:   {"res":1}…
2025-12-18 09:25:09,681 DEBUG    → PAYU ORDER REQUEST
2025-12-18 09:25:09,682 DEBUG      URL:    'https://secure.snd.payu.com/api/v2_1/orders'
2025-12-18 09:25:09,682 DEBUG      HEADERS:{'Authorization': 'Bearer tok', 'Content-Type': 'application/json', 'Accept': 'application/json'}
2025-12-18 09:25:09,682 DEBUG      BODY:   {'notifyUrl': 'http://localhost:8000/payments/payu/notification', 'customerIp': '127.0.0.1', 'merchantPosId': '300746', 'description': 'Invoice #1', 'currencyCode': 'PLN', 'totalAmount': '9990', 'extOrderId': '1_1766046309', 'buyer': {'email': 'b@x', 'firstName': 'John', 'lastName': 'Doe'}, 'products': [{'name': 'Invoice #1', 'unitPrice': '9990', 'quantity': '1'}]}
2025-12-18 09:25:09,682 DEBUG    ← PAYU ORDER RESPONSE
2025-12-18 09:25:09,682 DEBUG      STATUS: 302
2025-12-18 09:25:09,682 DEBUG      HEADERS:{'Content-Type': 'application/json', 'Location': 'https://payu/redirect?orderId=123'}
2025-12-18 09:25:09,682 DEBUG      TEXT:   …
2025-12-18 09:25:09,682 INFO     PayU zwrócił URL do płatności: https://payu/redirect?orderId=123
2025-12-18 09:25:09,684 DEBUG    → PAYU ORDER REQUEST
2025-12-18 09:25:09,685 DEBUG      URL:    'https://secure.snd.payu.com/api/v2_1/orders'
2025-12-18 09:25:09,685 DEBUG      HEADERS:{'Authorization': 'Bearer tok', 'Content-Type': 'application/json', 'Accept': 'application/json'}
2025-12-18 09:25:09,685 DEBUG      BODY:   {'notifyUrl': 'http://localhost:8000/payments/payu/notification', 'customerIp': '127.0.0.1', 'merchantPosId': '300746', 'description': 'Invoice #1', 'currencyCode': 'PLN', 'totalAmount': '100', 'extOrderId': '1_1766046309', 'buyer': {'email': 'b@x', 'firstName': 'Jan', 'lastName': 'Nowak'}, 'products': [{'name': 'Invoice #1', 'unitPrice': '100', 'quantity': '1'}]}
2025-12-18 09:25:09,685 DEBUG    ← PAYU ORDER RESPONSE
2025-12-18 09:25:09,685 DEBUG      STATUS: 200
2025-12-18 09:25:09,685 DEBUG      HEADERS:{'Content-Type': 'text/plain'}
2025-12-18 09:25:09,685 DEBUG      TEXT:   fail…
2025-12-18 09:26:09,805 DEBUG    → PAYU AUTH REQUEST
2025-12-18 09:26:09,805 DEBUG      URL:    'https://secure.snd.payu.com/pl/standard/user/oauth/authorize'
2025-12-18 09:26:09,805 DEBUG      HEADERS:{'Content-Type': 'application/x-www-form-urlencoded', 'Accept': 'application/json'}
2025-12-18 09:26:09,805 DEBUG      BODY:   {'grant_type': 'client_credentials'}
2025-12-18 09:26:09,805 DEBUG    ← PAYU AUTH RESPONSE
2025-12-18 09:26:09,805 DEBUG      STATUS: 200
2025-12-18 09:26:09,805 DEBUG      HEADERS:{'Content-Type': 'application/json'}
2025-12-18 09:26:09,805 DEBUG      TEXT:   {"access_token":"tok"}…
2025-12-18 09:26:09,805 DEBUG    → PAYU AUTH REQUEST
2025-12-18 09:26:09,805 DEBUG      URL:    'https://secure.snd.payu.com/pl/standard/user/oauth/authorize'
2025-12-18 09:26:09,805 DEBUG      HEADERS:{'Content-Type': 'application/x-www-form-urlencoded', 'Accept': 'application/json'}
2025-12-18 09:26:09,805 DEBUG      BODY:   {'grant_type': 'client_credentials'}
2025-12-18 09:26:09,805 DEBUG    ← PAYU AUTH RESPONSE
2025-12-18 09:26:09,805 DEBUG      STATUS: 200
2025-12-18 09:26:09,805 DEBUG      HEADERS:{'Content-Type': 'text/plain'}
2025-12-18 09:26:09,805 DEBUG      TEXT:   fail…
2025-12-18 09:26:09,805 DEBUG    → PAYU ORDER REQUEST
2025-12-18 09:26:09,805 DEBUG      URL:    'https://secure.snd.payu.com/api/v2_1/orders'
2025-12-18 09:26:09,805 DEBUG      HEADERS:{'Authorization': 'Bearer tok', 'Content-Type': 'application/json', 'Accept': 'application/json'}
2025-12-18 09:26:09,805 DEBUG      BODY:   {'notifyUrl': 'http://localhost:8000/payments/payu/notification', 'customerIp': '127.0.0.1', 'merchantPosId': '300746', 'description': 'Invoice #1', 'currencyCode': 'PLN', 'totalAmount': '9990', 'extOrderId': '1_1766046369', 'buyer': {'email': 'b@x', 'firstName': 'John', 'lastName': 'Doe'}, 'products': [{'name': 'Invoice #1', 'unitPrice': '9990', 'quantity': '1'}]}
2025-12-18 09:26:09,805 DEBUG    ← PAYU ORDER RESPONSE
2025-12-18 09:26:09,805 DEBUG      STATUS: 200
2025-12-18 09:26:09,805 DEBUG      HEADERS:{'Content-Type': 'application/json'}
2025-12-18 09:26:09,805 DEBUG      TEXT:   {"res":1}…
2025-12-18 09:26:09,811 DEBUG    → PAYU ORDER REQUEST
2025-12-18 09:26:09,811 DEBUG      URL:    'https://secure.snd.payu.com/api/v2_1/orders'
2025-12-18 09:26:09,811 DEBUG      HEADERS:{'Authorization': 'Bearer tok', 'Content-Type': 'application/json', 'Accept': 'application/json'}
2025-12-18 09:26:09,811 DEBUG      BODY:   {'notifyUrl': 'http://localhost:8000/payments/payu/notification', 'customerIp': '127.0.0.1', 'merchantPosId': '300746', 'description': 'Invoice #1', 'currencyCode': 'PLN', 'totalAmount': '9990', 'extOrderId': '1_1766046369', 'buyer': {'email': 'b@x', 'firstName': 'John', 'lastName': 'Doe'}, 'products': [{'name': 'Invoice #1', 'unitPrice': '9990', 'quantity': '1'}]}
2025-12-18 09:26:09,811 DEBUG    ← PAYU ORDER RESPONSE
2025-12-18 09:26:09,811 DEBUG      STATUS: 302
2025-12-18 09:26:09,811 DEBUG      HEADERS:{'Content-Type': 'application/json', 'Location': 'https://payu/redirect?orderId=123'}
2025-12-18 09:26:09,811 DEBUG      TEXT:   …
2025-12-18 09:26:09,811 INFO     PayU zwrócił URL do płatności: https://payu/redirect?orderId=123
2025-12-18 09:26:09,811 DEBUG    → PAYU ORDER REQUEST
2025-12-18 09:26:09,811 DEBUG      URL:    'https://secure.snd.payu.com/api/v2_1/orders'
2025-12-18 09:26:09,811 DEBUG      HEADERS:{'Authorization': 'Bearer tok', 'Content-Type': 'application/json', 'Accept': 'application/json'}
2025-12-18 09:26:09,811 DEBUG      BODY:   {'notifyUrl': 'http://localhost:8000/payments/payu/notification', 'customerIp': '127.0.0.1', 'merchantPosId': '300746', 'description': 'Invoice #1', 'currencyCode': 'PLN', 'totalAmount': '100', 'extOrderId': '1_1766046369', 'buyer': {'email': 'b@x', 'firstName': 'Jan', 'lastName': 'Nowak'}, 'products': [{'name': 'Invoice #1', 'unitPrice': '100', 'quantity': '1'}]}
2025-12-18 09:26:09,811 DEBUG    ← PAYU ORDER RESPONSE
2025-12-18 09:26:09,811 DEBUG      STATUS: 200
2025-12-18 09:26:09,811 DEBUG      HEADERS:{'Content-Type': 'text/plain'}
2025-12-18 09:26:09,811 DEBUG      TEXT:   fail…
2025-12-18 09:37:30,017 DEBUG    → PAYU AUTH REQUEST
2025-12-18 09:37:30,017 DEBUG      URL:    'https://secure.snd.payu.com/pl/standard/user/oauth/authorize'
2025-12-18 09:37:30,017 DEBUG      HEADERS:{'Content-Type': 'application/x-www-form-urlencoded', 'Accept': 'application/json'}
2025-12-18 09:37:30,018 DEBUG      BODY:   {'grant_type': 'client_credentials'}
2025-12-18 09:37:30,018 DEBUG    ← PAYU AUTH RESPONSE
2025-12-18 09:37:30,018 DEBUG      STATUS: 200
2025-12-18 09:37:30,018 DEBUG      HEADERS:{'Content-Type': 'application/json'}
2025-12-18 09:37:30,018 DEBUG      TEXT:   {"access_token":"tok"}…
2025-12-18 09:37:30,022 DEBUG    → PAYU AUTH REQUEST
2025-12-18 09:37:30,022 DEBUG      URL:    'https://secure.snd.payu.com/pl/standard/user/oauth/authorize'
2025-12-18 09:37:30,022 DEBUG      HEADERS:{'Content-Type': 'application/x-www-form-urlencoded', 'Accept': 'application/json'}
2025-12-18 09:37:30,022 DEBUG      BODY:   {'grant_type': 'client_credentials'}
2025-12-18 09:37:30,022 DEBUG    ← PAYU AUTH RESPONSE
2025-12-18 09:37:30,022 DEBUG      STATUS: 200
2025-12-18 09:37:30,022 DEBUG      HEADERS:{'Content-Type': 'text/plain'}
2025-12-18 09:37:30,022 DEBUG      TEXT:   fail…
2025-12-18 09:37:30,025 DEBUG    → PAYU ORDER REQUEST
2025-12-18 09:37:30,025 DEBUG      URL:    'https://secure.snd.payu.com/api/v2_1/orders'
2025-12-18 09:37:30,025 DEBUG      HEADERS:{'Authorization': 'Bearer tok', 'Content-Type': 'application/json', 'Accept': 'application/json'}
2025-12-18 09:37:30,025 DEBUG      BODY:   {'notifyUrl': 'http://localhost:8000/payments/payu/notification', 'customerIp': '127.0.0.1', 'merchantPosId': '300746', 'description': 'Invoice #1', 'currencyCode': 'PLN', 'totalAmount': '9990', 'extOrderId': '1_1766047050', 'buyer': {'email': 'b@x', 'firstName': 'John', 'lastName': 'Doe'}, 'products': [{'name': 'Invoice #1', 'unitPrice': '9990', 'quantity': '1'}]}
2025-12-18 09:37:30,025 DEBUG    ← PAYU ORDER RESPONSE
2025-12-18 09:37:30,025 DEBUG      STATUS: 200
2025-12-18 09:37:30,025 DEBUG      HEADERS:{'Content-Type': 'application/json'}
2025-12-18 09:37:30,025 DEBUG      TEXT:   {"res":1}…
2025-12-18 09:37:30,027 DEBUG    → PAYU ORDER REQUEST
2025-12-18 09:37:30,027 DEBUG      URL:    'https://secure.snd.payu.com/api/v2_1/orders'
2025-12-18 09:37:30,027 DEBUG      HEADERS:{'Authorization': 'Bearer tok', 'Content-Type': 'application/json', 'Accept': 'application/json'}
2025-12-18 09:37:30,027 DEBUG      BODY:   {'notifyUrl': 'http://localhost:8000/payments/payu/notification', 'customerIp': '127.0.0.1', 'merchantPosId': '300746', 'description': 'Invoice #1', 'currencyCode': 'PLN', 'totalAmount': '9990', 'extOrderId': '1_1766047050', 'buyer': {'email': 'b@x', 'firstName': 'John', 'lastName': 'Doe'}, 'products': [{'name': 'Invoice #1', 'unitPrice': '9990', 'quantity': '1'}]}
2025-12-18 09:37:30,027 DEBUG    ← PAYU ORDER RESPONSE
2025-12-18 09:37:30,027 DEBUG      STATUS: 302
2025-12-18 09:37:30,027 DEBUG      HEADERS:{'Content-Type': 'application/json', 'Location': 'https://payu/redirect?orderId=123'}
2025-12-18 09:37:30,027 DEBUG      TEXT:   …
2025-12-18 09:37:30,027 INFO     PayU zwrócił URL do płatności: https://payu/redirect?orderId=123
2025-12-18 09:37:30,031 DEBUG    → PAYU ORDER REQUEST
2025-12-18 09:37:30,031 DEBUG      URL:    'https://secure.snd.payu.com/api/v2_1/orders'
2025-12-18 09:37:30,031 DEBUG      HEADERS:{'Authorization': 'Bearer tok', 'Content-Type': 'application/json', 'Accept': 'application/json'}
2025-12-18 09:37:30,031 DEBUG      BODY:   {'notifyUrl': 'http://localhost:8000/payments/payu/notification', 'customerIp': '127.0.0.1', 'merchantPosId': '300746', 'description': 'Invoice #1', 'currencyCode': 'PLN', 'totalAmount': '100', 'extOrderId': '1_1766047050', 'buyer': {'email': 'b@x', 'firstName': 'Jan', 'lastName': 'Nowak'}, 'products': [{'name': 'Invoice #1', 'unitPrice': '100', 'quantity': '1'}]}
2025-12-18 09:37:30,031 DEBUG    ← PAYU ORDER RESPONSE
2025-12-18 09:37:30,031 DEBUG      STATUS: 200
2025-12-18 09:37:30,031 DEBUG      HEADERS:{'Content-Type': 'text/plain'}
2025-12-18 09:37:30,031 DEBUG      TEXT:   fail…
2025-12-18 09:38:57,018 DEBUG    → PAYU AUTH REQUEST
2025-12-18 09:38:57,019 DEBUG      URL:    'https://secure.snd.payu.com/pl/standard/user/oauth/authorize'
2025-12-18 09:38:57,019 DEBUG      HEADERS:{'Content-Type': 'application/x-www-form-urlencoded', 'Accept': 'application/json'}
2025-12-18 09:38:57,019 DEBUG      BODY:   {'grant_type': 'client_credentials'}
2025-12-18 09:38:57,019 DEBUG    ← PAYU AUTH RESPONSE
2025-12-18 09:38:57,019 DEBUG      STATUS: 200
2025-12-18 09:38:57,019 DEBUG      HEADERS:{'Content-Type': 'application/json'}
2025-12-18 09:38:57,019 DEBUG      TEXT:   {"access_token":"tok"}…
2025-12-18 09:38:57,023 DEBUG    → PAYU AUTH REQUEST
2025-12-18 09:38:57,023 DEBUG      URL:    'https://secure.snd.payu.com/pl/standard/user/oauth/authorize'
2025-12-18 09:38:57,023 DEBUG      HEADERS:{'Content-Type': 'application/x-www-form-urlencoded', 'Accept': 'application/json'}
2025-12-18 09:38:57,023 DEBUG      BODY:   {'grant_type': 'client_credentials'}
2025-12-18 09:38:57,023 DEBUG    ← PAYU AUTH RESPONSE
2025-12-18 09:38:57,023 DEBUG      STATUS: 200
2025-12-18 09:38:57,023 DEBUG      HEADERS:{'Content-Type': 'text/plain'}
2025-12-18 09:38:57,023 DEBUG      TEXT:   fail…
2025-12-18 09:38:57,027 DEBUG    → PAYU ORDER REQUEST
2025-12-18 09:38:57,027 DEBUG      URL:    'https://secure.snd.payu.com/api/v2_1/orders'
2025-12-18 09:38:57,027 DEBUG      HEADERS:{'Authorization': 'Bearer tok', 'Content-Type': 'application/json', 'Accept': 'application/json'}
2025-12-18 09:38:57,027 DEBUG      BODY:   {'notifyUrl': 'http://localhost:8000/payments/payu/notification', 'customerIp': '127.0.0.1', 'merchantPosId': '300746', 'description': 'Invoice #1', 'currencyCode': 'PLN', 'totalAmount': '9990', 'extOrderId': '1_1766047137', 'buyer': {'email': 'b@x', 'firstName': 'John', 'lastName': 'Doe'}, 'products': [{'name': 'Invoice #1', 'unitPrice': '9990', 'quantity': '1'}]}
2025-12-18 09:38:57,027 DEBUG    ← PAYU ORDER RESPONSE
2025-12-18 09:38:57,027 DEBUG      STATUS: 200
2025-12-18 09:38:57,027 DEBUG      HEADERS:{'Content-Type': 'application/json'}
2025-12-18 09:38:57,027 DEBUG      TEXT:   {"res":1}…
2025-12-18 09:38:57,030 DEBUG    → PAYU ORDER REQUEST
2025-12-18 09:38:57,030 DEBUG      URL:    'https://secure.snd.payu.com/api/v2_1/orders'
2025-12-18 09:38:57,030 DEBUG      HEADERS:{'Authorization': 'Bearer tok', 'Content-Type': 'application/json', 'Accept': 'application/json'}
2025-12-18 09:38:57,030 DEBUG      BODY:   {'notifyUrl': 'http://localhost:8000/payments/payu/notification', 'customerIp': '127.0.0.1', 'merchantPosId': '300746', 'description': 'Invoice #1', 'currencyCode': 'PLN', 'totalAmount': '9990', 'extOrderId': '1_1766047137', 'buyer': {'email': 'b@x', 'firstName': 'John', 'lastName': 'Doe'}, 'products': [{'name': 'Invoice #1', 'unitPrice': '9990', 'quantity': '1'}]}
2025-12-18 09:38:57,030 DEBUG    ← PAYU ORDER RESPONSE
2025-12-18 09:38:57,030 DEBUG      STATUS: 302
2025-12-18 09:38:57,030 DEBUG      HEADERS:{'Content-Type': 'application/json', 'Location': 'https://payu/redirect?orderId=123'}
2025-12-18 09:38:57,030 DEBUG      TEXT:   …
2025-12-18 09:38:57,030 INFO     PayU zwrócił URL do płatności: https://payu/redirect?orderId=123
2025-12-18 09:38:57,032 DEBUG    → PAYU ORDER REQUEST
2025-12-18 09:38:57,032 DEBUG      URL:    'https://secure.snd.payu.com/api/v2_1/orders'
2025-12-18 09:38:57,032 DEBUG      HEADERS:{'Authorization': 'Bearer tok', 'Content-Type': 'application/json', 'Accept': 'application/json'}
2025-12-18 09:38:57,032 DEBUG      BODY:   {'notifyUrl': 'http://localhost:8000/payments/payu/notification', 'customerIp': '127.0.0.1', 'merchantPosId': '300746', 'description': 'Invoice #1', 'currencyCode': 'PLN', 'totalAmount': '100', 'extOrderId': '1_1766047137', 'buyer': {'email': 'b@x', 'firstName': 'Jan', 'lastName': 'Nowak'}, 'products': [{'name': 'Invoice #1', 'unitPrice': '100', 'quantity': '1'}]}
2025-12-18 09:38:57,033 DEBUG    ← PAYU ORDER RESPONSE
2025-12-18 09:38:57,033 DEBUG      STATUS: 200
2025-12-18 09:38:57,033 DEBUG      HEADERS:{'Content-Type': 'text/plain'}
2025-12-18 09:38:57,033 DEBUG      TEXT:   fail…
2025-12-18 09:40:08,011 DEBUG    → PAYU AUTH REQUEST
2025-12-18 09:40:08,011 DEBUG      URL:    'https://secure.snd.payu.com/pl/standard/user/oauth/authorize'
2025-12-18 09:40:08,011 DEBUG      HEADERS:{'Content-Type': 'application/x-www-form-urlencoded', 'Accept': 'application/json'}
2025-12-18 09:40:08,011 DEBUG      BODY:   {'grant_type': 'client_credentials'}
2025-12-18 09:40:08,011 DEBUG    ← PAYU AUTH RESPONSE
2025-12-18 09:40:08,011 DEBUG      STATUS: 200
2025-12-18 09:40:08,011 DEBUG      HEADERS:{'Content-Type': 'application/json'}
2025-12-18 09:40:08,011 DEBUG      TEXT:   {"access_token":"tok"}…
2025-12-18 09:40:08,017 DEBUG    → PAYU AUTH REQUEST
2025-12-18 09:40:08,017 DEBUG      URL:    'https://secure.snd.payu.com/pl/standard/user/oauth/authorize'
2025-12-18 09:40:08,018 DEBUG      HEADERS:{'Content-Type': 'application/x-www-form-urlencoded', 'Accept': 'application/json'}
2025-12-18 09:40:08,018 DEBUG      BODY:   {'grant_type': 'client_credentials'}
2025-12-18 09:40:08,018 DEBUG    ← PAYU AUTH RESPONSE
2025-12-18 09:40:08,018 DEBUG      STATUS: 200
2025-12-18 09:40:08,018 DEBUG      HEADERS:{'Content-Type': 'text/plain'}
2025-12-18 09:40:08,018 DEBUG      TEXT:   fail…
2025-12-18 09:40:08,021 DEBUG    → PAYU ORDER REQUEST
2025-12-18 09:40:08,021 DEBUG      URL:    'https://secure.snd.payu.com/api/v2_1/orders'
2025-12-18 09:40:08,021 DEBUG      HEADERS:{'Authorization': 'Bearer tok', 'Content-Type': 'application/json', 'Accept': 'application/json'}
2025-12-18 09:40:08,021 DEBUG      BODY:   {'notifyUrl': 'http://localhost:8000/payments/payu/notification', 'customerIp': '127.0.0.1', 'merchantPosId': '300746', 'description': 'Invoice #1', 'currencyCode': 'PLN', 'totalAmount': '9990', 'extOrderId': '1_1766047208', 'buyer': {'email': 'b@x', 'firstName': 'John', 'lastName': 'Doe'}, 'products': [{'name': 'Invoice #1', 'unitPrice': '9990', 'quantity': '1'}]}
2025-12-18 09:40:08,021 DEBUG    ← PAYU ORDER RESPONSE
2025-12-18 09:40:08,021 DEBUG      STATUS: 200
2025-12-18 09:40:08,021 DEBUG      HEADERS:{'Content-Type': 'application/json'}
2025-12-18 09:40:08,021 DEBUG      TEXT:   {"res":1}…
2025-12-18 09:40:08,024 DEBUG    → PAYU ORDER REQUEST
2025-12-18 09:40:08,024 DEBUG      URL:    'https://secure.snd.payu.com/api/v2_1/orders'
2025-12-18 09:40:08,024 DEBUG      HEADERS:{'Authorization': 'Bearer tok', 'Content-Type': 'application/json', 'Accept': 'application/json'}
2025-12-18 09:40:08,024 DEBUG      BODY:   {'notifyUrl': 'http://localhost:8000/payments/payu/notification', 'customerIp': '127.0.0.1', 'merchantPosId': '300746', 'description': 'Invoice #1', 'currencyCode': 'PLN', 'totalAmount': '9990', 'extOrderId': '1_1766047208', 'buyer': {'email': 'b@x', 'firstName': 'John', 'lastName': 'Doe'}, 'products': [{'name': 'Invoice #1', 'unitPrice': '9990', 'quantity': '1'}]}
2025-12-18 09:40:08,024 DEBUG    ← PAYU ORDER RESPONSE
2025-12-18 09:40:08,024 DEBUG      STATUS: 302
2025-12-18 09:40:08,024 DEBUG      HEADERS:{'Content-Type': 'application/json', 'Location': 'https://payu/redirect?orderId=123'}
2025-12-18 09:40:08,024 DEBUG      TEXT:   …
2025-12-18 09:40:08,024 INFO     PayU zwrócił URL do płatności: https://payu/redirect?orderId=123
2025-12-18 09:40:08,027 DEBUG    → PAYU ORDER REQUEST
2025-12-18 09:40:08,027 DEBUG      URL:    'https://secure.snd.payu.com/api/v2_1/orders'
2025-12-18 09:40:08,027 DEBUG      HEADERS:{'Authorization': 'Bearer tok', 'Content-Type': 'application/json', 'Accept': 'application/json'}
2025-12-18 09:40:08,027 DEBUG      BODY:   {'notifyUrl': 'http://localhost:8000/payments/payu/notification', 'customerIp': '127.0.0.1', 'merchantPosId': '300746', 'description': 'Invoice #1', 'currencyCode': 'PLN', 'totalAmount': '100', 'extOrderId': '1_1766047208', 'buyer': {'email': 'b@x', 'firstName': 'Jan', 'lastName': 'Nowak'}, 'products': [{'name': 'Invoice #1', 'unitPrice': '100', 'quantity': '1'}]}
2025-12-18 09:40:08,027 DEBUG    ← PAYU ORDER RESPONSE
2025-12-18 09:40:08,027 DEBUG      STATUS: 200
2025-12-18 09:40:08,027 DEBUG      HEADERS:{'Content-Type': 'text/plain'}
2025-12-18 09:40:08,027 DEBUG      TEXT:   fail…
